{
"/home/paor/work/polyfill-webml/src/WebMLPolyfill.js":{"_coverageSchema":"43e27e138ebf9cfc5966b082cf9a028302ed4184","b":{"0":[3,1380],"1":[3,0]},"branchMap":{"0":{"line":10,"loc":{"end":{"column":5,"line":12},"start":{"column":4,"line":10}},"locations":[{"end":{"column":5,"line":12},"start":{"column":4,"line":10}},{"end":{"column":5,"line":12},"start":{"column":4,"line":10}}],"type":"if"},"1":{"line":17,"loc":{"end":{"column":1,"line":21},"start":{"column":0,"line":17}},"locations":[{"end":{"column":1,"line":21},"start":{"column":0,"line":17}},{"end":{"column":1,"line":21},"start":{"column":0,"line":17}}],"type":"if"}},"f":{"0":3,"1":1383},"fnMap":{"0":{"decl":{"end":{"column":2,"line":4},"start":{"column":1,"line":4}},"line":4,"loc":{"end":{"column":3,"line":7},"start":{"column":15,"line":4}},"name":"(anonymous_0)"},"1":{"decl":{"end":{"column":3,"line":9},"start":{"column":2,"line":9}},"line":9,"loc":{"end":{"column":3,"line":14},"start":{"column":28,"line":9}},"name":"(anonymous_1)"}},"hash":"0a050ae42952bc0d64d2dc42ae6eb355f27b822b","path":"/home/paor/work/polyfill-webml/src/WebMLPolyfill.js","s":{"0":3,"1":3,"2":1383,"3":3,"4":1383,"5":3,"6":3,"7":0},"statementMap":{"0":{"end":{"column":20,"line":5},"start":{"column":4,"line":5}},"1":{"end":{"column":27,"line":6},"start":{"column":4,"line":6}},"2":{"end":{"column":5,"line":12},"start":{"column":4,"line":10}},"3":{"end":{"column":51,"line":11},"start":{"column":6,"line":11}},"4":{"end":{"column":27,"line":13},"start":{"column":4,"line":13}},"5":{"end":{"column":1,"line":21},"start":{"column":0,"line":17}},"6":{"end":{"column":37,"line":18},"start":{"column":2,"line":18}},"7":{"end":{"column":46,"line":20},"start":{"column":2,"line":20}}},"l":{"5":3,"6":3,"10":1383,"11":3,"13":1383,"17":3,"18":3,"20":0}},
"/home/paor/work/polyfill-webml/src/nn/Compilation.js":{"_coverageSchema":"43e27e138ebf9cfc5966b082cf9a028302ed4184","b":{"0":[3,652],"1":[2,1014],"2":[308,706],"3":[334,334,31]},"branchMap":{"0":{"line":29,"loc":{"end":{"column":5,"line":31},"start":{"column":4,"line":29}},"locations":[{"end":{"column":5,"line":31},"start":{"column":4,"line":29}},{"end":{"column":5,"line":31},"start":{"column":4,"line":29}}],"type":"if"},"1":{"line":41,"loc":{"end":{"column":5,"line":43},"start":{"column":4,"line":41}},"locations":[{"end":{"column":5,"line":43},"start":{"column":4,"line":41}},{"end":{"column":5,"line":43},"start":{"column":4,"line":41}}],"type":"if"},"2":{"line":44,"loc":{"end":{"column":5,"line":46},"start":{"column":4,"line":44}},"locations":[{"end":{"column":5,"line":46},"start":{"column":4,"line":44}},{"end":{"column":5,"line":46},"start":{"column":4,"line":44}}],"type":"if"},"3":{"line":55,"loc":{"end":{"column":5,"line":66},"start":{"column":4,"line":55}},"locations":[{"end":{"column":14,"line":58},"start":{"column":6,"line":56}},{"end":{"column":14,"line":62},"start":{"column":6,"line":59}},{"end":{"column":7,"line":65},"start":{"column":6,"line":63}}],"type":"switch"}},"f":{"0":1026,"1":655,"2":1016,"3":699},"fnMap":{"0":{"decl":{"end":{"column":3,"line":13},"start":{"column":2,"line":13}},"line":13,"loc":{"end":{"column":3,"line":20},"start":{"column":21,"line":13}},"name":"(anonymous_0)"},"1":{"decl":{"end":{"column":3,"line":28},"start":{"column":2,"line":28}},"line":28,"loc":{"end":{"column":3,"line":33},"start":{"column":26,"line":28}},"name":"(anonymous_1)"},"2":{"decl":{"end":{"column":3,"line":40},"start":{"column":2,"line":40}},"line":40,"loc":{"end":{"column":3,"line":49},"start":{"column":28,"line":40}},"name":"(anonymous_2)"},"3":{"decl":{"end":{"column":3,"line":54},"start":{"column":2,"line":54}},"line":54,"loc":{"end":{"column":3,"line":69},"start":{"column":17,"line":54}},"name":"(anonymous_3)"}},"hash":"4a9804d713b1ef033692bc26e3b112ef02962654","path":"/home/paor/work/polyfill-webml/src/nn/Compilation.js","s":{"0":1026,"1":1026,"2":1026,"3":1026,"4":1026,"5":1026,"6":655,"7":3,"8":652,"9":1016,"10":2,"11":1014,"12":308,"13":706,"14":706,"15":699,"16":334,"17":334,"18":334,"19":334,"20":330,"21":31,"22":664,"23":664},"statementMap":{"0":{"end":{"column":24,"line":14},"start":{"column":4,"line":14}},"1":{"end":{"column":27,"line":15},"start":{"column":4,"line":15}},"2":{"end":{"column":57,"line":16},"start":{"column":4,"line":16}},"3":{"end":{"column":30,"line":17},"start":{"column":4,"line":17}},"4":{"end":{"column":31,"line":18},"start":{"column":4,"line":18}},"5":{"end":{"column":35,"line":19},"start":{"column":4,"line":19}},"6":{"end":{"column":5,"line":31},"start":{"column":4,"line":29}},"7":{"end":{"column":53,"line":30},"start":{"column":6,"line":30}},"8":{"end":{"column":31,"line":32},"start":{"column":4,"line":32}},"9":{"end":{"column":5,"line":43},"start":{"column":4,"line":41}},"10":{"end":{"column":78,"line":42},"start":{"column":6,"line":42}},"11":{"end":{"column":5,"line":46},"start":{"column":4,"line":44}},"12":{"end":{"column":64,"line":45},"start":{"column":6,"line":45}},"13":{"end":{"column":34,"line":47},"start":{"column":4,"line":47}},"14":{"end":{"column":31,"line":48},"start":{"column":4,"line":48}},"15":{"end":{"column":5,"line":66},"start":{"column":4,"line":55}},"16":{"end":{"column":75,"line":57},"start":{"column":8,"line":57}},"17":{"end":{"column":14,"line":58},"start":{"column":8,"line":58}},"18":{"end":{"column":58,"line":60},"start":{"column":8,"line":60}},"19":{"end":{"column":49,"line":61},"start":{"column":8,"line":61}},"20":{"end":{"column":14,"line":62},"start":{"column":8,"line":62}},"21":{"end":{"column":69,"line":64},"start":{"column":8,"line":64}},"22":{"end":{"column":26,"line":67},"start":{"column":4,"line":67}},"23":{"end":{"column":31,"line":68},"start":{"column":4,"line":68}}},"l":{"14":1026,"15":1026,"16":1026,"17":1026,"18":1026,"19":1026,"29":655,"30":3,"32":652,"41":1016,"42":2,"44":1014,"45":308,"47":706,"48":706,"55":699,"57":334,"58":334,"60":334,"61":334,"62":330,"64":31,"67":664,"68":664}},
"/home/paor/work/polyfill-webml/src/nn/Enums.js":{"_coverageSchema":"43e27e138ebf9cfc5966b082cf9a028302ed4184","b":{},"branchMap":{},"f":{},"fnMap":{},"hash":"0198aeb08a7918bf1437bc8eb45945f1a10eb25b","path":"/home/paor/work/polyfill-webml/src/nn/Enums.js","s":{"0":3,"1":3,"2":3,"3":3,"4":3,"5":3,"6":3},"statementMap":{"0":{"end":{"column":1,"line":28},"start":{"column":24,"line":19}},"1":{"end":{"column":1,"line":57},"start":{"column":27,"line":30}},"2":{"end":{"column":1,"line":85},"start":{"column":27,"line":59}},"3":{"end":{"column":1,"line":103},"start":{"column":30,"line":87}},"4":{"end":{"column":1,"line":1322},"start":{"column":29,"line":105}},"5":{"end":{"column":1,"line":1333},"start":{"column":26,"line":1324}},"6":{"end":{"column":1,"line":1342},"start":{"column":31,"line":1335}}},"l":{"19":3,"30":3,"59":3,"87":3,"105":3,"1324":3,"1335":3}},
"/home/paor/work/polyfill-webml/src/nn/Execution.js":{"_coverageSchema":"43e27e138ebf9cfc5966b082cf9a028302ed4184","b":{"0":[0,652],"1":[2,582],"2":[0,582],"3":[12,568],"4":[0,568],"5":[2,582],"6":[0,582],"7":[12,568],"8":[0,568]},"branchMap":{"0":{"line":12,"loc":{"end":{"column":5,"line":14},"start":{"column":4,"line":12}},"locations":[{"end":{"column":5,"line":14},"start":{"column":4,"line":12}},{"end":{"column":5,"line":14},"start":{"column":4,"line":12}}],"type":"if"},"1":{"line":29,"loc":{"end":{"column":5,"line":31},"start":{"column":4,"line":29}},"locations":[{"end":{"column":5,"line":31},"start":{"column":4,"line":29}},{"end":{"column":5,"line":31},"start":{"column":4,"line":29}}],"type":"if"},"2":{"line":33,"loc":{"end":{"column":5,"line":35},"start":{"column":4,"line":33}},"locations":[{"end":{"column":5,"line":35},"start":{"column":4,"line":33}},{"end":{"column":5,"line":35},"start":{"column":4,"line":33}}],"type":"if"},"3":{"line":37,"loc":{"end":{"column":5,"line":39},"start":{"column":4,"line":37}},"locations":[{"end":{"column":5,"line":39},"start":{"column":4,"line":37}},{"end":{"column":5,"line":39},"start":{"column":4,"line":37}}],"type":"if"},"4":{"line":40,"loc":{"end":{"column":5,"line":42},"start":{"column":4,"line":40}},"locations":[{"end":{"column":5,"line":42},"start":{"column":4,"line":40}},{"end":{"column":5,"line":42},"start":{"column":4,"line":40}}],"type":"if"},"5":{"line":59,"loc":{"end":{"column":5,"line":61},"start":{"column":4,"line":59}},"locations":[{"end":{"column":5,"line":61},"start":{"column":4,"line":59}},{"end":{"column":5,"line":61},"start":{"column":4,"line":59}}],"type":"if"},"6":{"line":63,"loc":{"end":{"column":5,"line":65},"start":{"column":4,"line":63}},"locations":[{"end":{"column":5,"line":65},"start":{"column":4,"line":63}},{"end":{"column":5,"line":65},"start":{"column":4,"line":63}}],"type":"if"},"7":{"line":67,"loc":{"end":{"column":5,"line":69},"start":{"column":4,"line":67}},"locations":[{"end":{"column":5,"line":69},"start":{"column":4,"line":67}},{"end":{"column":5,"line":69},"start":{"column":4,"line":67}}],"type":"if"},"8":{"line":70,"loc":{"end":{"column":5,"line":72},"start":{"column":4,"line":70}},"locations":[{"end":{"column":5,"line":72},"start":{"column":4,"line":70}},{"end":{"column":5,"line":72},"start":{"column":4,"line":70}}],"type":"if"}},"f":{"0":652,"1":584,"2":584,"3":608},"fnMap":{"0":{"decl":{"end":{"column":3,"line":11},"start":{"column":2,"line":11}},"line":11,"loc":{"end":{"column":3,"line":19},"start":{"column":27,"line":11}},"name":"(anonymous_0)"},"1":{"decl":{"end":{"column":3,"line":27},"start":{"column":2,"line":27}},"line":27,"loc":{"end":{"column":3,"line":49},"start":{"column":26,"line":27}},"name":"(anonymous_1)"},"2":{"decl":{"end":{"column":3,"line":57},"start":{"column":2,"line":57}},"line":57,"loc":{"end":{"column":3,"line":79},"start":{"column":27,"line":57}},"name":"(anonymous_2)"},"3":{"decl":{"end":{"column":3,"line":84},"start":{"column":2,"line":84}},"line":84,"loc":{"end":{"column":3,"line":87},"start":{"column":23,"line":84}},"name":"(anonymous_3)"}},"hash":"90ba7d520fece98824491c55f26dcfdc41e72e46","path":"/home/paor/work/polyfill-webml/src/nn/Execution.js","s":{"0":652,"1":0,"2":652,"3":652,"4":652,"5":652,"6":584,"7":584,"8":2,"9":582,"10":582,"11":0,"12":582,"13":582,"14":12,"15":568,"16":0,"17":568,"18":568,"19":568,"20":584,"21":584,"22":2,"23":582,"24":582,"25":0,"26":582,"27":582,"28":12,"29":568,"30":0,"31":568,"32":568,"33":568,"34":608,"35":583},"statementMap":{"0":{"end":{"column":5,"line":14},"start":{"column":4,"line":12}},"1":{"end":{"column":42,"line":13},"start":{"column":6,"line":13}},"2":{"end":{"column":53,"line":15},"start":{"column":4,"line":15}},"3":{"end":{"column":37,"line":16},"start":{"column":4,"line":16}},"4":{"end":{"column":29,"line":17},"start":{"column":4,"line":17}},"5":{"end":{"column":30,"line":18},"start":{"column":4,"line":18}},"6":{"end":{"column":27,"line":28},"start":{"column":16,"line":28}},"7":{"end":{"column":5,"line":31},"start":{"column":4,"line":29}},"8":{"end":{"column":48,"line":30},"start":{"column":6,"line":30}},"9":{"end":{"column":41,"line":32},"start":{"column":21,"line":32}},"10":{"end":{"column":5,"line":35},"start":{"column":4,"line":33}},"11":{"end":{"column":59,"line":34},"start":{"column":6,"line":34}},"12":{"end":{"column":45,"line":36},"start":{"column":18,"line":36}},"13":{"end":{"column":5,"line":39},"start":{"column":4,"line":37}},"14":{"end":{"column":49,"line":38},"start":{"column":6,"line":38}},"15":{"end":{"column":5,"line":42},"start":{"column":4,"line":40}},"16":{"end":{"column":70,"line":41},"start":{"column":6,"line":41}},"17":{"end":{"column":5,"line":46},"start":{"column":17,"line":43}},"18":{"end":{"column":36,"line":47},"start":{"column":4,"line":47}},"19":{"end":{"column":31,"line":48},"start":{"column":4,"line":48}},"20":{"end":{"column":27,"line":58},"start":{"column":16,"line":58}},"21":{"end":{"column":5,"line":61},"start":{"column":4,"line":59}},"22":{"end":{"column":48,"line":60},"start":{"column":6,"line":60}},"23":{"end":{"column":43,"line":62},"start":{"column":22,"line":62}},"24":{"end":{"column":5,"line":65},"start":{"column":4,"line":63}},"25":{"end":{"column":61,"line":64},"start":{"column":6,"line":64}},"26":{"end":{"column":46,"line":66},"start":{"column":18,"line":66}},"27":{"end":{"column":5,"line":69},"start":{"column":4,"line":67}},"28":{"end":{"column":49,"line":68},"start":{"column":6,"line":68}},"29":{"end":{"column":5,"line":72},"start":{"column":4,"line":70}},"30":{"end":{"column":70,"line":71},"start":{"column":6,"line":71}},"31":{"end":{"column":5,"line":76},"start":{"column":17,"line":73}},"32":{"end":{"column":37,"line":77},"start":{"column":4,"line":77}},"33":{"end":{"column":31,"line":78},"start":{"column":4,"line":78}},"34":{"end":{"column":67,"line":85},"start":{"column":4,"line":85}},"35":{"end":{"column":31,"line":86},"start":{"column":4,"line":86}}},"l":{"12":652,"13":0,"15":652,"16":652,"17":652,"18":652,"28":584,"29":584,"30":2,"32":582,"33":582,"34":0,"36":582,"37":582,"38":12,"40":568,"41":0,"43":568,"47":568,"48":568,"58":584,"59":584,"60":2,"62":582,"63":582,"64":0,"66":582,"67":582,"68":12,"70":568,"71":0,"73":568,"77":568,"78":568,"85":608,"86":583}},
"/home/paor/work/polyfill-webml/src/nn/Model.js":{"_coverageSchema":"43e27e138ebf9cfc5966b082cf9a028302ed4184","b":{"0":[0],"1":[3,1026],"2":[3,1047],"3":[0,1047],"4":[1047,1047],"5":[3],"6":[3,11652],"7":[21,11631],"8":[3,5253],"9":[171,5082],"10":[1455,3627],"11":[3,1905],"12":[9,1896],"13":[6,1887],"14":[0,1884],"15":[3,1068],"16":[3,1062],"17":[6,11646],"18":[447,11199],"19":[6,441],"20":[6,435],"21":[441,438],"22":[3,432],"23":[6227,186],"24":[2591,3636],"25":[9,6218],"26":[18,14508],"27":[0,5670],"28":[5670,5670],"29":[0,0],"30":[1047,0],"31":[0,1047],"32":[0,0]},"branchMap":{"0":{"line":9,"loc":{"end":{"column":26,"line":9},"start":{"column":14,"line":9}},"locations":[{"end":{"column":26,"line":9},"start":{"column":24,"line":9}}],"type":"default-arg"},"1":{"line":24,"loc":{"end":{"column":5,"line":26},"start":{"column":4,"line":24}},"locations":[{"end":{"column":5,"line":26},"start":{"column":4,"line":24}},{"end":{"column":5,"line":26},"start":{"column":4,"line":24}}],"type":"if"},"2":{"line":34,"loc":{"end":{"column":5,"line":36},"start":{"column":4,"line":34}},"locations":[{"end":{"column":5,"line":36},"start":{"column":4,"line":34}},{"end":{"column":5,"line":36},"start":{"column":4,"line":34}}],"type":"if"},"3":{"line":38,"loc":{"end":{"column":5,"line":40},"start":{"column":4,"line":38}},"locations":[{"end":{"column":5,"line":40},"start":{"column":4,"line":38}},{"end":{"column":5,"line":40},"start":{"column":4,"line":38}}],"type":"if"},"4":{"line":38,"loc":{"end":{"column":55,"line":38},"start":{"column":8,"line":38}},"locations":[{"end":{"column":29,"line":38},"start":{"column":8,"line":38}},{"end":{"column":55,"line":38},"start":{"column":33,"line":38}}],"type":"binary-expr"},"5":{"line":55,"loc":{"end":{"column":25,"line":55},"start":{"column":13,"line":55}},"locations":[{"end":{"column":25,"line":55},"start":{"column":23,"line":55}}],"type":"default-arg"},"6":{"line":56,"loc":{"end":{"column":5,"line":58},"start":{"column":4,"line":56}},"locations":[{"end":{"column":5,"line":58},"start":{"column":4,"line":56}},{"end":{"column":5,"line":58},"start":{"column":4,"line":56}}],"type":"if"},"7":{"line":60,"loc":{"end":{"column":5,"line":62},"start":{"column":4,"line":60}},"locations":[{"end":{"column":5,"line":62},"start":{"column":4,"line":60}},{"end":{"column":5,"line":62},"start":{"column":4,"line":60}}],"type":"if"},"8":{"line":84,"loc":{"end":{"column":5,"line":86},"start":{"column":4,"line":84}},"locations":[{"end":{"column":5,"line":86},"start":{"column":4,"line":84}},{"end":{"column":5,"line":86},"start":{"column":4,"line":84}}],"type":"if"},"9":{"line":88,"loc":{"end":{"column":5,"line":90},"start":{"column":4,"line":88}},"locations":[{"end":{"column":5,"line":90},"start":{"column":4,"line":88}},{"end":{"column":5,"line":90},"start":{"column":4,"line":88}}],"type":"if"},"10":{"line":91,"loc":{"end":{"column":5,"line":95},"start":{"column":4,"line":91}},"locations":[{"end":{"column":5,"line":95},"start":{"column":4,"line":91}},{"end":{"column":5,"line":95},"start":{"column":4,"line":91}}],"type":"if"},"11":{"line":108,"loc":{"end":{"column":5,"line":110},"start":{"column":4,"line":108}},"locations":[{"end":{"column":5,"line":110},"start":{"column":4,"line":108}},{"end":{"column":5,"line":110},"start":{"column":4,"line":108}}],"type":"if"},"12":{"line":112,"loc":{"end":{"column":5,"line":114},"start":{"column":4,"line":112}},"locations":[{"end":{"column":5,"line":114},"start":{"column":4,"line":112}},{"end":{"column":5,"line":114},"start":{"column":4,"line":112}}],"type":"if"},"13":{"line":115,"loc":{"end":{"column":5,"line":117},"start":{"column":4,"line":115}},"locations":[{"end":{"column":5,"line":117},"start":{"column":4,"line":115}},{"end":{"column":5,"line":117},"start":{"column":4,"line":115}}],"type":"if"},"14":{"line":118,"loc":{"end":{"column":5,"line":120},"start":{"column":4,"line":118}},"locations":[{"end":{"column":5,"line":120},"start":{"column":4,"line":118}},{"end":{"column":5,"line":120},"start":{"column":4,"line":118}}],"type":"if"},"15":{"line":140,"loc":{"end":{"column":5,"line":142},"start":{"column":4,"line":140}},"locations":[{"end":{"column":5,"line":142},"start":{"column":4,"line":140}},{"end":{"column":5,"line":142},"start":{"column":4,"line":140}}],"type":"if"},"16":{"line":143,"loc":{"end":{"column":5,"line":145},"start":{"column":4,"line":143}},"locations":[{"end":{"column":5,"line":145},"start":{"column":4,"line":143}},{"end":{"column":5,"line":145},"start":{"column":4,"line":143}}],"type":"if"},"17":{"line":160,"loc":{"end":{"column":5,"line":163},"start":{"column":4,"line":160}},"locations":[{"end":{"column":5,"line":163},"start":{"column":4,"line":160}},{"end":{"column":5,"line":163},"start":{"column":4,"line":160}}],"type":"if"},"18":{"line":164,"loc":{"end":{"column":5,"line":176},"start":{"column":4,"line":164}},"locations":[{"end":{"column":5,"line":176},"start":{"column":4,"line":164}},{"end":{"column":5,"line":176},"start":{"column":4,"line":164}}],"type":"if"},"19":{"line":165,"loc":{"end":{"column":7,"line":171},"start":{"column":6,"line":165}},"locations":[{"end":{"column":7,"line":171},"start":{"column":6,"line":165}},{"end":{"column":7,"line":171},"start":{"column":6,"line":165}}],"type":"if"},"20":{"line":168,"loc":{"end":{"column":7,"line":171},"start":{"column":13,"line":168}},"locations":[{"end":{"column":7,"line":171},"start":{"column":13,"line":168}},{"end":{"column":7,"line":171},"start":{"column":13,"line":168}}],"type":"if"},"21":{"line":168,"loc":{"end":{"column":65,"line":168},"start":{"column":17,"line":168}},"locations":[{"end":{"column":38,"line":168},"start":{"column":17,"line":168}},{"end":{"column":65,"line":168},"start":{"column":42,"line":168}}],"type":"binary-expr"},"22":{"line":172,"loc":{"end":{"column":7,"line":175},"start":{"column":6,"line":172}},"locations":[{"end":{"column":7,"line":175},"start":{"column":6,"line":172}},{"end":{"column":7,"line":175},"start":{"column":6,"line":172}}],"type":"if"},"23":{"line":183,"loc":{"end":{"column":5,"line":200},"start":{"column":4,"line":183}},"locations":[{"end":{"column":5,"line":200},"start":{"column":4,"line":183}},{"end":{"column":5,"line":200},"start":{"column":4,"line":183}}],"type":"if"},"24":{"line":186,"loc":{"end":{"column":7,"line":190},"start":{"column":6,"line":186}},"locations":[{"end":{"column":7,"line":190},"start":{"column":6,"line":186}},{"end":{"column":7,"line":190},"start":{"column":6,"line":186}}],"type":"if"},"25":{"line":191,"loc":{"end":{"column":7,"line":196},"start":{"column":6,"line":191}},"locations":[{"end":{"column":7,"line":196},"start":{"column":6,"line":191}},{"end":{"column":7,"line":196},"start":{"column":6,"line":191}}],"type":"if"},"26":{"line":209,"loc":{"end":{"column":75,"line":209},"start":{"column":27,"line":209}},"locations":[{"end":{"column":75,"line":209},"start":{"column":27,"line":209}},{"end":{"column":75,"line":209},"start":{"column":27,"line":209}}],"type":"if"},"27":{"line":223,"loc":{"end":{"column":9,"line":232},"start":{"column":8,"line":223}},"locations":[{"end":{"column":9,"line":232},"start":{"column":8,"line":223}},{"end":{"column":9,"line":232},"start":{"column":8,"line":223}}],"type":"if"},"28":{"line":223,"loc":{"end":{"column":104,"line":223},"start":{"column":12,"line":223}},"locations":[{"end":{"column":59,"line":223},"start":{"column":12,"line":223}},{"end":{"column":104,"line":223},"start":{"column":63,"line":223}}],"type":"binary-expr"},"29":{"line":225,"loc":{"end":{"column":11,"line":231},"start":{"column":10,"line":225}},"locations":[{"end":{"column":11,"line":231},"start":{"column":10,"line":225}},{"end":{"column":11,"line":231},"start":{"column":10,"line":225}}],"type":"if"},"30":{"line":234,"loc":{"end":{"column":7,"line":236},"start":{"column":6,"line":234}},"locations":[{"end":{"column":7,"line":236},"start":{"column":6,"line":234}},{"end":{"column":7,"line":236},"start":{"column":6,"line":234}}],"type":"if"},"31":{"line":245,"loc":{"end":{"column":9,"line":252},"start":{"column":8,"line":245}},"locations":[{"end":{"column":9,"line":252},"start":{"column":8,"line":245}},{"end":{"column":9,"line":252},"start":{"column":8,"line":245}}],"type":"if"},"32":{"line":248,"loc":{"end":{"column":13,"line":250},"start":{"column":12,"line":248}},"locations":[{"end":{"column":13,"line":250},"start":{"column":12,"line":248}},{"end":{"column":13,"line":250},"start":{"column":12,"line":248}}],"type":"if"}},"f":{"0":2208,"1":1029,"2":1050,"3":11655,"4":5256,"5":1908,"6":10434,"7":1077,"8":1068,"9":1059,"10":11652,"11":6417,"12":1905,"13":5928,"14":14526,"15":1047,"16":1047,"17":5670,"18":1047,"19":0},"fnMap":{"0":{"decl":{"end":{"column":3,"line":9},"start":{"column":2,"line":9}},"line":9,"loc":{"end":{"column":3,"line":16},"start":{"column":28,"line":9}},"name":"(anonymous_0)"},"1":{"decl":{"end":{"column":3,"line":23},"start":{"column":2,"line":23}},"line":23,"loc":{"end":{"column":3,"line":28},"start":{"column":28,"line":23}},"name":"(anonymous_1)"},"2":{"decl":{"end":{"column":3,"line":33},"start":{"column":2,"line":33}},"line":33,"loc":{"end":{"column":3,"line":45},"start":{"column":17,"line":33}},"name":"(anonymous_2)"},"3":{"decl":{"end":{"column":3,"line":55},"start":{"column":2,"line":55}},"line":55,"loc":{"end":{"column":3,"line":75},"start":{"column":27,"line":55}},"name":"(anonymous_3)"},"4":{"decl":{"end":{"column":3,"line":83},"start":{"column":2,"line":83}},"line":83,"loc":{"end":{"column":3,"line":98},"start":{"column":32,"line":83}},"name":"(anonymous_4)"},"5":{"decl":{"end":{"column":3,"line":107},"start":{"column":2,"line":107}},"line":107,"loc":{"end":{"column":3,"line":131},"start":{"column":38,"line":107}},"name":"(anonymous_5)"},"6":{"decl":{"end":{"column":20,"line":126},"start":{"column":19,"line":126}},"line":126,"loc":{"end":{"column":5,"line":128},"start":{"column":24,"line":126}},"name":"(anonymous_6)"},"7":{"decl":{"end":{"column":3,"line":139},"start":{"column":2,"line":139}},"line":139,"loc":{"end":{"column":3,"line":155},"start":{"column":44,"line":139}},"name":"(anonymous_7)"},"8":{"decl":{"end":{"column":26,"line":147},"start":{"column":25,"line":147}},"line":147,"loc":{"end":{"column":5,"line":149},"start":{"column":30,"line":147}},"name":"(anonymous_8)"},"9":{"decl":{"end":{"column":27,"line":151},"start":{"column":26,"line":151}},"line":151,"loc":{"end":{"column":5,"line":153},"start":{"column":31,"line":151}},"name":"(anonymous_9)"},"10":{"decl":{"end":{"column":3,"line":158},"start":{"column":2,"line":158}},"line":158,"loc":{"end":{"column":3,"line":178},"start":{"column":35,"line":158}},"name":"(anonymous_10)"},"11":{"decl":{"end":{"column":3,"line":180},"start":{"column":2,"line":180}},"line":180,"loc":{"end":{"column":3,"line":201},"start":{"column":40,"line":180}},"name":"(anonymous_11)"},"12":{"decl":{"end":{"column":3,"line":203},"start":{"column":2,"line":203}},"line":203,"loc":{"end":{"column":3,"line":205},"start":{"column":31,"line":203}},"name":"(anonymous_12)"},"13":{"decl":{"end":{"column":3,"line":207},"start":{"column":2,"line":207}},"line":207,"loc":{"end":{"column":3,"line":211},"start":{"column":29,"line":207}},"name":"(anonymous_13)"},"14":{"decl":{"end":{"column":18,"line":209},"start":{"column":17,"line":209}},"line":209,"loc":{"end":{"column":76,"line":209},"start":{"column":26,"line":209}},"name":"(anonymous_14)"},"15":{"decl":{"end":{"column":3,"line":213},"start":{"column":2,"line":213}},"line":213,"loc":{"end":{"column":3,"line":257},"start":{"column":22,"line":213}},"name":"(anonymous_15)"},"16":{"decl":{"end":{"column":30,"line":219},"start":{"column":29,"line":219}},"line":219,"loc":{"end":{"column":5,"line":237},"start":{"column":60,"line":219}},"name":"(anonymous_16)"},"17":{"decl":{"end":{"column":22,"line":221},"start":{"column":21,"line":221}},"line":221,"loc":{"end":{"column":7,"line":233},"start":{"column":37,"line":221}},"name":"(anonymous_17)"},"18":{"decl":{"end":{"column":33,"line":244},"start":{"column":32,"line":244}},"line":244,"loc":{"end":{"column":7,"line":253},"start":{"column":48,"line":244}},"name":"(anonymous_18)"},"19":{"decl":{"end":{"column":57,"line":246},"start":{"column":56,"line":246}},"line":246,"loc":{"end":{"column":11,"line":251},"start":{"column":74,"line":246}},"name":"(anonymous_19)"}},"hash":"dd38e53f14435920f89960f0315a0acde2a927f1","path":"/home/paor/work/polyfill-webml/src/nn/Model.js","s":{"0":2208,"1":2208,"2":2208,"3":2208,"4":2208,"5":2208,"6":1029,"7":3,"8":1026,"9":1050,"10":3,"11":1047,"12":0,"13":1047,"14":1047,"15":1047,"16":11655,"17":3,"18":11652,"19":21,"20":11631,"21":11631,"22":5256,"23":3,"24":5253,"25":5253,"26":171,"27":5082,"28":1455,"29":3627,"30":5082,"31":1908,"32":3,"33":1905,"34":9,"35":1896,"36":6,"37":1887,"38":0,"39":1884,"40":1884,"41":10434,"42":1884,"43":1077,"44":3,"45":1068,"46":3,"47":1062,"48":1062,"49":1068,"50":1062,"51":1062,"52":1059,"53":11652,"54":11652,"55":6,"56":6,"57":11646,"58":447,"59":6,"60":6,"61":441,"62":6,"63":6,"64":435,"65":3,"66":3,"67":11631,"68":6417,"69":6413,"70":6413,"71":6227,"72":6227,"73":2591,"74":3636,"75":6227,"76":9,"77":9,"78":6218,"79":186,"80":186,"81":1905,"82":5928,"83":5928,"84":14526,"85":18,"86":5913,"87":1047,"88":1047,"89":1047,"90":1047,"91":1047,"92":1047,"93":1047,"94":1047,"95":5670,"96":5670,"97":0,"98":0,"99":0,"100":0,"101":0,"102":0,"103":1047,"104":1047,"105":1047,"106":1047,"107":1047,"108":1047,"109":1047,"110":1047,"111":0,"112":0,"113":0,"114":0,"115":1047},"statementMap":{"0":{"end":{"column":28,"line":10},"start":{"column":4,"line":10}},"1":{"end":{"column":24,"line":11},"start":{"column":4,"line":11}},"2":{"end":{"column":26,"line":12},"start":{"column":4,"line":12}},"3":{"end":{"column":24,"line":13},"start":{"column":4,"line":13}},"4":{"end":{"column":25,"line":14},"start":{"column":4,"line":14}},"5":{"end":{"column":36,"line":15},"start":{"column":4,"line":15}},"6":{"end":{"column":5,"line":26},"start":{"column":4,"line":24}},"7":{"end":{"column":47,"line":25},"start":{"column":6,"line":25}},"8":{"end":{"column":33,"line":27},"start":{"column":4,"line":27}},"9":{"end":{"column":5,"line":36},"start":{"column":4,"line":34}},"10":{"end":{"column":54,"line":35},"start":{"column":6,"line":35}},"11":{"end":{"column":5,"line":40},"start":{"column":4,"line":38}},"12":{"end":{"column":60,"line":39},"start":{"column":6,"line":39}},"13":{"end":{"column":29,"line":42},"start":{"column":4,"line":42}},"14":{"end":{"column":27,"line":43},"start":{"column":4,"line":43}},"15":{"end":{"column":31,"line":44},"start":{"column":4,"line":44}},"16":{"end":{"column":5,"line":58},"start":{"column":4,"line":56}},"17":{"end":{"column":69,"line":57},"start":{"column":6,"line":57}},"18":{"end":{"column":5,"line":62},"start":{"column":4,"line":60}},"19":{"end":{"column":41,"line":61},"start":{"column":6,"line":61}},"20":{"end":{"column":5,"line":72},"start":{"column":18,"line":64}},"21":{"end":{"column":33,"line":73},"start":{"column":4,"line":73}},"22":{"end":{"column":5,"line":86},"start":{"column":4,"line":84}},"23":{"end":{"column":48,"line":85},"start":{"column":6,"line":85}},"24":{"end":{"column":39,"line":87},"start":{"column":18,"line":87}},"25":{"end":{"column":5,"line":90},"start":{"column":4,"line":88}},"26":{"end":{"column":48,"line":89},"start":{"column":6,"line":89}},"27":{"end":{"column":5,"line":95},"start":{"column":4,"line":91}},"28":{"end":{"column":60,"line":92},"start":{"column":6,"line":92}},"29":{"end":{"column":55,"line":94},"start":{"column":6,"line":94}},"30":{"end":{"column":26,"line":96},"start":{"column":4,"line":96}},"31":{"end":{"column":5,"line":110},"start":{"column":4,"line":108}},"32":{"end":{"column":71,"line":109},"start":{"column":6,"line":109}},"33":{"end":{"column":5,"line":114},"start":{"column":4,"line":112}},"34":{"end":{"column":56,"line":113},"start":{"column":6,"line":113}},"35":{"end":{"column":5,"line":117},"start":{"column":4,"line":115}},"36":{"end":{"column":50,"line":116},"start":{"column":6,"line":116}},"37":{"end":{"column":5,"line":120},"start":{"column":4,"line":118}},"38":{"end":{"column":52,"line":119},"start":{"column":6,"line":119}},"39":{"end":{"column":5,"line":125},"start":{"column":13,"line":121}},"40":{"end":{"column":7,"line":128},"start":{"column":4,"line":126}},"41":{"end":{"column":47,"line":127},"start":{"column":6,"line":127}},"42":{"end":{"column":30,"line":129},"start":{"column":4,"line":129}},"43":{"end":{"column":5,"line":142},"start":{"column":4,"line":140}},"44":{"end":{"column":50,"line":141},"start":{"column":6,"line":141}},"45":{"end":{"column":5,"line":145},"start":{"column":4,"line":143}},"46":{"end":{"column":52,"line":144},"start":{"column":6,"line":144}},"47":{"end":{"column":26,"line":146},"start":{"column":4,"line":146}},"48":{"end":{"column":6,"line":149},"start":{"column":4,"line":147}},"49":{"end":{"column":63,"line":148},"start":{"column":6,"line":148}},"50":{"end":{"column":28,"line":150},"start":{"column":4,"line":150}},"51":{"end":{"column":6,"line":153},"start":{"column":4,"line":151}},"52":{"end":{"column":64,"line":152},"start":{"column":6,"line":152}},"53":{"end":{"column":27,"line":159},"start":{"column":15,"line":159}},"54":{"end":{"column":5,"line":163},"start":{"column":4,"line":160}},"55":{"end":{"column":52,"line":161},"start":{"column":6,"line":161}},"56":{"end":{"column":19,"line":162},"start":{"column":6,"line":162}},"57":{"end":{"column":5,"line":176},"start":{"column":4,"line":164}},"58":{"end":{"column":7,"line":171},"start":{"column":6,"line":165}},"59":{"end":{"column":48,"line":166},"start":{"column":8,"line":166}},"60":{"end":{"column":21,"line":167},"start":{"column":8,"line":167}},"61":{"end":{"column":7,"line":171},"start":{"column":13,"line":168}},"62":{"end":{"column":70,"line":169},"start":{"column":8,"line":169}},"63":{"end":{"column":21,"line":170},"start":{"column":8,"line":170}},"64":{"end":{"column":7,"line":175},"start":{"column":6,"line":172}},"65":{"end":{"column":56,"line":173},"start":{"column":8,"line":173}},"66":{"end":{"column":21,"line":174},"start":{"column":8,"line":174}},"67":{"end":{"column":16,"line":177},"start":{"column":4,"line":177}},"68":{"end":{"column":27,"line":181},"start":{"column":15,"line":181}},"69":{"end":{"column":62,"line":182},"start":{"column":20,"line":182}},"70":{"end":{"column":5,"line":200},"start":{"column":4,"line":183}},"71":{"end":{"column":62,"line":184},"start":{"column":24,"line":184}},"72":{"end":{"column":7,"line":190},"start":{"column":6,"line":186}},"73":{"end":{"column":72,"line":187},"start":{"column":8,"line":187}},"74":{"end":{"column":52,"line":189},"start":{"column":8,"line":189}},"75":{"end":{"column":7,"line":196},"start":{"column":6,"line":191}},"76":{"end":{"column":80,"line":192},"start":{"column":8,"line":192}},"77":{"end":{"column":21,"line":193},"start":{"column":8,"line":193}},"78":{"end":{"column":20,"line":195},"start":{"column":8,"line":195}},"79":{"end":{"column":58,"line":198},"start":{"column":6,"line":198}},"80":{"end":{"column":19,"line":199},"start":{"column":6,"line":199}},"81":{"end":{"column":51,"line":204},"start":{"column":4,"line":204}},"82":{"end":{"column":18,"line":208},"start":{"column":14,"line":208}},"83":{"end":{"column":77,"line":209},"start":{"column":4,"line":209}},"84":{"end":{"column":75,"line":209},"start":{"column":27,"line":209}},"85":{"end":{"column":75,"line":209},"start":{"column":63,"line":209}},"86":{"end":{"column":15,"line":210},"start":{"column":4,"line":210}},"87":{"end":{"column":26,"line":214},"start":{"column":24,"line":214}},"88":{"end":{"column":21,"line":215},"start":{"column":19,"line":215}},"89":{"end":{"column":62,"line":216},"start":{"column":28,"line":216}},"90":{"end":{"column":30,"line":217},"start":{"column":4,"line":217}},"91":{"end":{"column":39,"line":218},"start":{"column":30,"line":218}},"92":{"end":{"column":7,"line":237},"start":{"column":4,"line":219}},"93":{"end":{"column":35,"line":220},"start":{"column":19,"line":220}},"94":{"end":{"column":9,"line":233},"start":{"column":6,"line":221}},"95":{"end":{"column":60,"line":222},"start":{"column":23,"line":222}},"96":{"end":{"column":9,"line":232},"start":{"column":8,"line":223}},"97":{"end":{"column":49,"line":224},"start":{"column":10,"line":224}},"98":{"end":{"column":11,"line":231},"start":{"column":10,"line":225}},"99":{"end":{"column":68,"line":226},"start":{"column":12,"line":226}},"100":{"end":{"column":61,"line":228},"start":{"column":24,"line":228}},"101":{"end":{"column":38,"line":229},"start":{"column":12,"line":229}},"102":{"end":{"column":57,"line":230},"start":{"column":12,"line":230}},"103":{"end":{"column":7,"line":236},"start":{"column":6,"line":234}},"104":{"end":{"column":42,"line":235},"start":{"column":8,"line":235}},"105":{"end":{"column":5,"line":254},"start":{"column":4,"line":239}},"106":{"end":{"column":39,"line":240},"start":{"column":20,"line":240}},"107":{"end":{"column":47,"line":241},"start":{"column":22,"line":241}},"108":{"end":{"column":31,"line":242},"start":{"column":6,"line":242}},"109":{"end":{"column":9,"line":253},"start":{"column":6,"line":244}},"110":{"end":{"column":9,"line":252},"start":{"column":8,"line":245}},"111":{"end":{"column":13,"line":251},"start":{"column":10,"line":246}},"112":{"end":{"column":51,"line":247},"start":{"column":12,"line":247}},"113":{"end":{"column":13,"line":250},"start":{"column":12,"line":248}},"114":{"end":{"column":49,"line":249},"start":{"column":14,"line":249}},"115":{"end":{"column":32,"line":256},"start":{"column":4,"line":256}}},"l":{"10":2208,"11":2208,"12":2208,"13":2208,"14":2208,"15":2208,"24":1029,"25":3,"27":1026,"34":1050,"35":3,"38":1047,"39":0,"42":1047,"43":1047,"44":1047,"56":11655,"57":3,"60":11652,"61":21,"64":11631,"73":11631,"84":5256,"85":3,"87":5253,"88":5253,"89":171,"91":5082,"92":1455,"94":3627,"96":5082,"108":1908,"109":3,"112":1905,"113":9,"115":1896,"116":6,"118":1887,"119":0,"121":1884,"126":1884,"127":10434,"129":1884,"140":1077,"141":3,"143":1068,"144":3,"146":1062,"147":1062,"148":1068,"150":1062,"151":1062,"152":1059,"159":11652,"160":11652,"161":6,"162":6,"164":11646,"165":447,"166":6,"167":6,"168":441,"169":6,"170":6,"172":435,"173":3,"174":3,"177":11631,"181":6417,"182":6413,"183":6413,"184":6227,"186":6227,"187":2591,"189":3636,"191":6227,"192":9,"193":9,"195":6218,"198":186,"199":186,"204":1905,"208":5928,"209":14526,"210":5913,"214":1047,"215":1047,"216":1047,"217":1047,"218":1047,"219":1047,"220":1047,"221":1047,"222":5670,"223":5670,"224":0,"225":0,"226":0,"228":0,"229":0,"230":0,"234":1047,"235":1047,"239":1047,"240":1047,"241":1047,"242":1047,"244":1047,"245":1047,"246":0,"247":0,"248":0,"249":0,"256":1047}},
"/home/paor/work/polyfill-webml/src/nn/NeuralNetworkContext.js":{"_coverageSchema":"43e27e138ebf9cfc5966b082cf9a028302ed4184","b":{"0":[0],"1":[0,2208],"2":[2208,736],"3":[0,2208]},"branchMap":{"0":{"line":23,"loc":{"end":{"column":32,"line":23},"start":{"column":20,"line":23}},"locations":[{"end":{"column":32,"line":23},"start":{"column":30,"line":23}}],"type":"default-arg"},"1":{"line":24,"loc":{"end":{"column":5,"line":28},"start":{"column":4,"line":24}},"locations":[{"end":{"column":5,"line":28},"start":{"column":4,"line":24}},{"end":{"column":5,"line":28},"start":{"column":4,"line":24}}],"type":"if"},"2":{"line":24,"loc":{"end":{"column":57,"line":24},"start":{"column":8,"line":24}},"locations":[{"end":{"column":35,"line":24},"start":{"column":8,"line":24}},{"end":{"column":57,"line":24},"start":{"column":39,"line":24}}],"type":"binary-expr"},"3":{"line":26,"loc":{"end":{"column":5,"line":28},"start":{"column":11,"line":26}},"locations":[{"end":{"column":5,"line":28},"start":{"column":11,"line":26}},{"end":{"column":5,"line":28},"start":{"column":11,"line":26}}],"type":"if"}},"f":{"0":3,"1":2208,"2":3,"3":3,"4":3,"5":3,"6":3,"7":0},"fnMap":{"0":{"decl":{"end":{"column":3,"line":8},"start":{"column":2,"line":8}},"line":8,"loc":{"end":{"column":3,"line":16},"start":{"column":16,"line":8}},"name":"(anonymous_0)"},"1":{"decl":{"end":{"column":3,"line":23},"start":{"column":2,"line":23}},"line":23,"loc":{"end":{"column":3,"line":30},"start":{"column":34,"line":23}},"name":"(anonymous_1)"},"2":{"decl":{"end":{"column":3,"line":32},"start":{"column":2,"line":32}},"line":32,"loc":{"end":{"column":3,"line":39},"start":{"column":22,"line":32}},"name":"(anonymous_2)"},"3":{"decl":{"end":{"column":3,"line":41},"start":{"column":2,"line":41}},"line":41,"loc":{"end":{"column":3,"line":73},"start":{"column":24,"line":41}},"name":"(anonymous_3)"},"4":{"decl":{"end":{"column":3,"line":75},"start":{"column":2,"line":75}},"line":75,"loc":{"end":{"column":3,"line":80},"start":{"column":38,"line":75}},"name":"(anonymous_4)"},"5":{"decl":{"end":{"column":3,"line":82},"start":{"column":2,"line":82}},"line":82,"loc":{"end":{"column":3,"line":85},"start":{"column":30,"line":82}},"name":"(anonymous_5)"},"6":{"decl":{"end":{"column":3,"line":87},"start":{"column":2,"line":87}},"line":87,"loc":{"end":{"column":3,"line":91},"start":{"column":34,"line":87}},"name":"(anonymous_6)"},"7":{"decl":{"end":{"column":3,"line":93},"start":{"column":2,"line":93}},"line":93,"loc":{"end":{"column":3,"line":102},"start":{"column":21,"line":93}},"name":"(anonymous_7)"}},"hash":"9fc604244fd829c0db7ffe1500ededacaa88f8d6","path":"/home/paor/work/polyfill-webml/src/nn/NeuralNetworkContext.js","s":{"0":3,"1":3,"2":3,"3":3,"4":3,"5":3,"6":3,"7":2208,"8":0,"9":2208,"10":0,"11":2208,"12":3,"13":3,"14":3,"15":3,"16":3,"17":3,"18":3,"19":3,"20":3,"21":3,"22":3,"23":3,"24":3,"25":3,"26":3,"27":3,"28":3,"29":3,"30":3,"31":3,"32":3,"33":3,"34":3,"35":3,"36":3,"37":3,"38":3,"39":3,"40":3,"41":3,"42":3,"43":3,"44":3,"45":3,"46":3,"47":3,"48":3,"49":3,"50":3,"51":3,"52":3,"53":3,"54":3,"55":3,"56":3,"57":3,"58":0,"59":0,"60":0,"61":0,"62":0,"63":0,"64":0,"65":0},"statementMap":{"0":{"end":{"column":29,"line":9},"start":{"column":4,"line":9}},"1":{"end":{"column":31,"line":10},"start":{"column":4,"line":10}},"2":{"end":{"column":45,"line":11},"start":{"column":4,"line":11}},"3":{"end":{"column":37,"line":12},"start":{"column":4,"line":12}},"4":{"end":{"column":41,"line":13},"start":{"column":4,"line":13}},"5":{"end":{"column":51,"line":14},"start":{"column":4,"line":14}},"6":{"end":{"column":44,"line":15},"start":{"column":4,"line":15}},"7":{"end":{"column":5,"line":28},"start":{"column":4,"line":24}},"8":{"end":{"column":38,"line":25},"start":{"column":6,"line":25}},"9":{"end":{"column":5,"line":28},"start":{"column":11,"line":26}},"10":{"end":{"column":44,"line":27},"start":{"column":6,"line":27}},"11":{"end":{"column":30,"line":29},"start":{"column":4,"line":29}},"12":{"end":{"column":39,"line":33},"start":{"column":4,"line":33}},"13":{"end":{"column":35,"line":34},"start":{"column":4,"line":34}},"14":{"end":{"column":37,"line":35},"start":{"column":4,"line":35}},"15":{"end":{"column":53,"line":36},"start":{"column":4,"line":36}},"16":{"end":{"column":49,"line":37},"start":{"column":4,"line":37}},"17":{"end":{"column":63,"line":38},"start":{"column":4,"line":38}},"18":{"end":{"column":33,"line":42},"start":{"column":4,"line":42}},"19":{"end":{"column":57,"line":43},"start":{"column":4,"line":43}},"20":{"end":{"column":53,"line":44},"start":{"column":4,"line":44}},"21":{"end":{"column":41,"line":45},"start":{"column":4,"line":45}},"22":{"end":{"column":61,"line":46},"start":{"column":4,"line":46}},"23":{"end":{"column":55,"line":47},"start":{"column":4,"line":47}},"24":{"end":{"column":47,"line":48},"start":{"column":4,"line":48}},"25":{"end":{"column":59,"line":49},"start":{"column":4,"line":49}},"26":{"end":{"column":37,"line":50},"start":{"column":4,"line":50}},"27":{"end":{"column":57,"line":51},"start":{"column":4,"line":51}},"28":{"end":{"column":59,"line":52},"start":{"column":4,"line":52}},"29":{"end":{"column":59,"line":53},"start":{"column":4,"line":53}},"30":{"end":{"column":47,"line":54},"start":{"column":4,"line":54}},"31":{"end":{"column":83,"line":55},"start":{"column":4,"line":55}},"32":{"end":{"column":43,"line":56},"start":{"column":4,"line":56}},"33":{"end":{"column":55,"line":57},"start":{"column":4,"line":57}},"34":{"end":{"column":35,"line":58},"start":{"column":4,"line":58}},"35":{"end":{"column":49,"line":59},"start":{"column":4,"line":59}},"36":{"end":{"column":33,"line":60},"start":{"column":4,"line":60}},"37":{"end":{"column":35,"line":61},"start":{"column":4,"line":61}},"38":{"end":{"column":37,"line":62},"start":{"column":4,"line":62}},"39":{"end":{"column":37,"line":63},"start":{"column":4,"line":63}},"40":{"end":{"column":41,"line":64},"start":{"column":4,"line":64}},"41":{"end":{"column":57,"line":65},"start":{"column":4,"line":65}},"42":{"end":{"column":33,"line":66},"start":{"column":4,"line":66}},"43":{"end":{"column":41,"line":67},"start":{"column":4,"line":67}},"44":{"end":{"column":55,"line":68},"start":{"column":4,"line":68}},"45":{"end":{"column":35,"line":69},"start":{"column":4,"line":69}},"46":{"end":{"column":35,"line":70},"start":{"column":4,"line":70}},"47":{"end":{"column":55,"line":71},"start":{"column":4,"line":71}},"48":{"end":{"column":75,"line":72},"start":{"column":4,"line":72}},"49":{"end":{"column":36,"line":76},"start":{"column":4,"line":76}},"50":{"end":{"column":36,"line":77},"start":{"column":4,"line":77}},"51":{"end":{"column":38,"line":78},"start":{"column":4,"line":78}},"52":{"end":{"column":38,"line":79},"start":{"column":4,"line":79}},"53":{"end":{"column":41,"line":83},"start":{"column":4,"line":83}},"54":{"end":{"column":43,"line":84},"start":{"column":4,"line":84}},"55":{"end":{"column":53,"line":88},"start":{"column":4,"line":88}},"56":{"end":{"column":71,"line":89},"start":{"column":4,"line":89}},"57":{"end":{"column":65,"line":90},"start":{"column":4,"line":90}},"58":{"end":{"column":40,"line":94},"start":{"column":4,"line":94}},"59":{"end":{"column":50,"line":95},"start":{"column":4,"line":95}},"60":{"end":{"column":44,"line":96},"start":{"column":4,"line":96}},"61":{"end":{"column":54,"line":97},"start":{"column":4,"line":97}},"62":{"end":{"column":40,"line":98},"start":{"column":4,"line":98}},"63":{"end":{"column":42,"line":99},"start":{"column":4,"line":99}},"64":{"end":{"column":44,"line":100},"start":{"column":4,"line":100}},"65":{"end":{"column":42,"line":101},"start":{"column":4,"line":101}}},"l":{"9":3,"10":3,"11":3,"12":3,"13":3,"14":3,"15":3,"24":2208,"25":0,"26":2208,"27":0,"29":2208,"33":3,"34":3,"35":3,"36":3,"37":3,"38":3,"42":3,"43":3,"44":3,"45":3,"46":3,"47":3,"48":3,"49":3,"50":3,"51":3,"52":3,"53":3,"54":3,"55":3,"56":3,"57":3,"58":3,"59":3,"60":3,"61":3,"62":3,"63":3,"64":3,"65":3,"66":3,"67":3,"68":3,"69":3,"70":3,"71":3,"72":3,"76":3,"77":3,"78":3,"79":3,"83":3,"84":3,"88":3,"89":3,"90":3,"94":0,"95":0,"96":0,"97":0,"98":0,"99":0,"100":0,"101":0}},
"/home/paor/work/polyfill-webml/src/nn/index.js":{"_coverageSchema":"43e27e138ebf9cfc5966b082cf9a028302ed4184","b":{},"branchMap":{},"f":{},"fnMap":{},"hash":"cdd0de4c7a9b3489b1919ab46b447a755d576467","path":"/home/paor/work/polyfill-webml/src/nn/index.js","s":{},"statementMap":{},"l":{}},
"/home/paor/work/polyfill-webml/src/nn/utils.js":{"_coverageSchema":"43e27e138ebf9cfc5966b082cf9a028302ed4184","b":{"0":[6206,8892],"1":[15098,8998,8942],"2":[14248,48936]},"branchMap":{"0":{"line":13,"loc":{"end":{"column":3,"line":17},"start":{"column":2,"line":13}},"locations":[{"end":{"column":3,"line":17},"start":{"column":2,"line":13}},{"end":{"column":3,"line":17},"start":{"column":2,"line":13}}],"type":"if"},"1":{"line":13,"loc":{"end":{"column":122,"line":13},"start":{"column":6,"line":13}},"locations":[{"end":{"column":41,"line":13},"start":{"column":6,"line":13}},{"end":{"column":78,"line":13},"start":{"column":45,"line":13}},{"end":{"column":122,"line":13},"start":{"column":82,"line":13}}],"type":"binary-expr"},"2":{"line":34,"loc":{"end":{"column":5,"line":36},"start":{"column":4,"line":34}},"locations":[{"end":{"column":5,"line":36},"start":{"column":4,"line":34}},{"end":{"column":5,"line":36},"start":{"column":4,"line":34}}],"type":"if"}},"f":{"0":15098,"1":3786,"2":3636,"3":3880,"4":8293,"5":14571},"fnMap":{"0":{"decl":{"end":{"column":24,"line":12},"start":{"column":16,"line":12}},"line":12,"loc":{"end":{"column":1,"line":18},"start":{"column":31,"line":12}},"name":"isTensor"},"1":{"decl":{"end":{"column":32,"line":20},"start":{"column":16,"line":20}},"line":20,"loc":{"end":{"column":1,"line":22},"start":{"column":45,"line":20}},"name":"sizeOfTensorData"},"2":{"decl":{"end":{"column":32,"line":24},"start":{"column":16,"line":24}},"line":24,"loc":{"end":{"column":1,"line":26},"start":{"column":39,"line":24}},"name":"sizeOfScalarData"},"3":{"decl":{"end":{"column":23,"line":28},"start":{"column":16,"line":28}},"line":28,"loc":{"end":{"column":1,"line":30},"start":{"column":31,"line":28}},"name":"product"},"4":{"decl":{"end":{"column":23,"line":29},"start":{"column":22,"line":29}},"line":29,"loc":{"end":{"column":79,"line":29},"start":{"column":53,"line":29}},"name":"(anonymous_4)"},"5":{"decl":{"end":{"column":28,"line":32},"start":{"column":16,"line":32}},"line":32,"loc":{"end":{"column":1,"line":39},"start":{"column":50,"line":32}},"name":"validateEnum"}},"hash":"cbe8227874f652af0e5e19c5063f1f9f164de4a8","path":"/home/paor/work/polyfill-webml/src/nn/utils.js","s":{"0":3,"1":15098,"2":6206,"3":8892,"4":3786,"5":3636,"6":3880,"7":8293,"8":14571,"9":63184,"10":14248,"11":323},"statementMap":{"0":{"end":{"column":2,"line":10},"start":{"column":42,"line":3}},"1":{"end":{"column":3,"line":17},"start":{"column":2,"line":13}},"2":{"end":{"column":16,"line":14},"start":{"column":4,"line":14}},"3":{"end":{"column":17,"line":16},"start":{"column":4,"line":16}},"4":{"end":{"column":80,"line":21},"start":{"column":2,"line":21}},"5":{"end":{"column":68,"line":25},"start":{"column":2,"line":25}},"6":{"end":{"column":81,"line":29},"start":{"column":2,"line":29}},"7":{"end":{"column":79,"line":29},"start":{"column":53,"line":29}},"8":{"end":{"column":3,"line":37},"start":{"column":2,"line":33}},"9":{"end":{"column":5,"line":36},"start":{"column":4,"line":34}},"10":{"end":{"column":18,"line":35},"start":{"column":6,"line":35}},"11":{"end":{"column":15,"line":38},"start":{"column":2,"line":38}}},"l":{"3":3,"13":15098,"14":6206,"16":8892,"21":3786,"25":3636,"29":8293,"33":14571,"34":63184,"35":14248,"38":323}},
"/home/paor/work/polyfill-webml/src/nn/wasm/Device.js":{"_coverageSchema":"43e27e138ebf9cfc5966b082cf9a028302ed4184","b":{},"branchMap":{},"f":{"0":1026,"1":334},"fnMap":{"0":{"decl":{"end":{"column":3,"line":7},"start":{"column":2,"line":7}},"line":7,"loc":{"end":{"column":18,"line":7},"start":{"column":16,"line":7}},"name":"(anonymous_0)"},"1":{"decl":{"end":{"column":3,"line":15},"start":{"column":2,"line":15}},"line":15,"loc":{"end":{"column":3,"line":19},"start":{"column":28,"line":15}},"name":"(anonymous_1)"}},"hash":"4d9616b89978c09354bd7c77ab9616ed01d40b56","path":"/home/paor/work/polyfill-webml/src/nn/wasm/Device.js","s":{"0":334,"1":334,"2":334},"statementMap":{"0":{"end":{"column":43,"line":16},"start":{"column":24,"line":16}},"1":{"end":{"column":39,"line":17},"start":{"column":4,"line":17}},"2":{"end":{"column":25,"line":18},"start":{"column":4,"line":18}}},"l":{"16":334,"17":334,"18":334}},
"/home/paor/work/polyfill-webml/src/nn/wasm/NNOps.js":{"_coverageSchema":"43e27e138ebf9cfc5966b082cf9a028302ed4184","b":{"0":[3,0],"1":[1,333]},"branchMap":{"0":{"line":1,"loc":{"end":{"column":1,"line":3},"start":{"column":0,"line":1}},"locations":[{"end":{"column":1,"line":3},"start":{"column":0,"line":1}},{"end":{"column":1,"line":3},"start":{"column":0,"line":1}}],"type":"if"},"1":{"line":10,"loc":{"end":{"column":5,"line":19},"start":{"column":4,"line":10}},"locations":[{"end":{"column":5,"line":19},"start":{"column":4,"line":10}},{"end":{"column":5,"line":19},"start":{"column":4,"line":10}}],"type":"if"}},"f":{"0":334,"1":334,"2":1},"fnMap":{"0":{"decl":{"end":{"column":46,"line":8},"start":{"column":30,"line":8}},"line":8,"loc":{"end":{"column":1,"line":21},"start":{"column":49,"line":8}},"name":"getNNOpsInstance"},"1":{"decl":{"end":{"column":22,"line":9},"start":{"column":21,"line":9}},"line":9,"loc":{"end":{"column":3,"line":20},"start":{"column":32,"line":9}},"name":"(anonymous_1)"},"2":{"decl":{"end":{"column":21,"line":11},"start":{"column":20,"line":11}},"line":11,"loc":{"end":{"column":7,"line":16},"start":{"column":25,"line":11}},"name":"(anonymous_2)"}},"hash":"dd92334972350c725418d3290856f854789cbba9","path":"/home/paor/work/polyfill-webml/src/nn/wasm/NNOps.js","s":{"0":3,"1":3,"2":3,"3":334,"4":334,"5":1,"6":1,"7":1,"8":1,"9":333},"statementMap":{"0":{"end":{"column":1,"line":3},"start":{"column":0,"line":1}},"1":{"end":{"column":27,"line":2},"start":{"column":1,"line":2}},"2":{"end":{"column":17,"line":7},"start":{"column":13,"line":7}},"3":{"end":{"column":5,"line":20},"start":{"column":2,"line":9}},"4":{"end":{"column":5,"line":19},"start":{"column":4,"line":10}},"5":{"end":{"column":9,"line":16},"start":{"column":6,"line":11}},"6":{"end":{"column":25,"line":13},"start":{"column":8,"line":13}},"7":{"end":{"column":19,"line":14},"start":{"column":8,"line":14}},"8":{"end":{"column":24,"line":15},"start":{"column":8,"line":15}},"9":{"end":{"column":22,"line":18},"start":{"column":6,"line":18}}},"l":{"1":3,"2":3,"7":3,"9":334,"10":334,"11":1,"13":1,"14":1,"15":1,"18":333}},
"/home/paor/work/polyfill-webml/src/nn/wasm/PreparedModel.js":{"_coverageSchema":"43e27e138ebf9cfc5966b082cf9a028302ed4184","b":{"0":[1083,816],"1":[0,306],"2":[0,578],"3":[0,1979],"4":[1979,1979],"5":[76,62],"6":[54,22],"7":[62,433],"8":[58,375],"9":[54,321],"10":[320,1],"11":[44,50],"12":[94,94],"13":[36,68],"14":[2,1253],"15":[50,45,59,79,36,46,9,18,4,1,9,16,38],"16":[49,49],"17":[40,9],"18":[45,45],"19":[40,5],"20":[3,76],"21":[79,30],"22":[27,49],"23":[25,2],"24":[33,16],"25":[1,75],"26":[2,44],"27":[46,28],"28":[26,18],"29":[25,1],"30":[10,8],"31":[1,43],"32":[1,17],"33":[18,16],"34":[15,2],"35":[9,8],"36":[8,0],"37":[1,3],"38":[2,7],"39":[9,9],"40":[0,7],"41":[7,7],"42":[15,7],"43":[2,36],"44":[38,18],"45":[16,20],"46":[768,39],"47":[37,2],"48":[2,0],"49":[283,0],"50":[0,0],"51":[0,0],"52":[524,671]},"branchMap":{"0":{"line":32,"loc":{"end":{"column":7,"line":39},"start":{"column":6,"line":32}},"locations":[{"end":{"column":7,"line":39},"start":{"column":6,"line":32}},{"end":{"column":7,"line":39},"start":{"column":6,"line":32}}],"type":"if"},"1":{"line":52,"loc":{"end":{"column":5,"line":54},"start":{"column":4,"line":52}},"locations":[{"end":{"column":5,"line":54},"start":{"column":4,"line":52}},{"end":{"column":5,"line":54},"start":{"column":4,"line":52}}],"type":"if"},"2":{"line":83,"loc":{"end":{"column":9,"line":85},"start":{"column":8,"line":83}},"locations":[{"end":{"column":9,"line":85},"start":{"column":8,"line":83}},{"end":{"column":9,"line":85},"start":{"column":8,"line":83}}],"type":"if"},"3":{"line":87,"loc":{"end":{"column":11,"line":89},"start":{"column":10,"line":87}},"locations":[{"end":{"column":11,"line":89},"start":{"column":10,"line":87}},{"end":{"column":11,"line":89},"start":{"column":10,"line":87}}],"type":"if"},"4":{"line":87,"loc":{"end":{"column":101,"line":87},"start":{"column":14,"line":87}},"locations":[{"end":{"column":44,"line":87},"start":{"column":14,"line":87}},{"end":{"column":101,"line":87},"start":{"column":48,"line":87}}],"type":"binary-expr"},"5":{"line":102,"loc":{"end":{"column":7,"line":109},"start":{"column":6,"line":102}},"locations":[{"end":{"column":7,"line":109},"start":{"column":6,"line":102}},{"end":{"column":7,"line":109},"start":{"column":6,"line":102}}],"type":"if"},"6":{"line":105,"loc":{"end":{"column":9,"line":108},"start":{"column":8,"line":105}},"locations":[{"end":{"column":9,"line":108},"start":{"column":8,"line":105}},{"end":{"column":9,"line":108},"start":{"column":8,"line":105}}],"type":"if"},"7":{"line":116,"loc":{"end":{"column":7,"line":130},"start":{"column":6,"line":116}},"locations":[{"end":{"column":7,"line":130},"start":{"column":6,"line":116}},{"end":{"column":7,"line":130},"start":{"column":6,"line":116}}],"type":"if"},"8":{"line":119,"loc":{"end":{"column":7,"line":130},"start":{"column":13,"line":119}},"locations":[{"end":{"column":7,"line":130},"start":{"column":13,"line":119}},{"end":{"column":7,"line":130},"start":{"column":13,"line":119}}],"type":"if"},"9":{"line":122,"loc":{"end":{"column":7,"line":130},"start":{"column":13,"line":122}},"locations":[{"end":{"column":7,"line":130},"start":{"column":13,"line":122}},{"end":{"column":7,"line":130},"start":{"column":13,"line":122}}],"type":"if"},"10":{"line":125,"loc":{"end":{"column":7,"line":130},"start":{"column":13,"line":125}},"locations":[{"end":{"column":7,"line":130},"start":{"column":13,"line":125}},{"end":{"column":7,"line":130},"start":{"column":13,"line":125}}],"type":"if"},"11":{"line":135,"loc":{"end":{"column":7,"line":138},"start":{"column":6,"line":135}},"locations":[{"end":{"column":7,"line":138},"start":{"column":6,"line":135}},{"end":{"column":7,"line":138},"start":{"column":6,"line":135}}],"type":"if"},"12":{"line":135,"loc":{"end":{"column":86,"line":136},"start":{"column":10,"line":135}},"locations":[{"end":{"column":36,"line":135},"start":{"column":10,"line":135}},{"end":{"column":86,"line":136},"start":{"column":8,"line":136}}],"type":"binary-expr"},"13":{"line":140,"loc":{"end":{"column":9,"line":142},"start":{"column":8,"line":140}},"locations":[{"end":{"column":9,"line":142},"start":{"column":8,"line":140}},{"end":{"column":9,"line":142},"start":{"column":8,"line":140}}],"type":"if"},"14":{"line":148,"loc":{"end":{"column":7,"line":150},"start":{"column":6,"line":148}},"locations":[{"end":{"column":7,"line":150},"start":{"column":6,"line":148}},{"end":{"column":7,"line":150},"start":{"column":6,"line":148}}],"type":"if"},"15":{"line":154,"loc":{"end":{"column":5,"line":670},"start":{"column":4,"line":154}},"locations":[{"end":{"column":14,"line":187},"start":{"column":6,"line":155}},{"end":{"column":14,"line":220},"start":{"column":6,"line":188}},{"end":{"column":33,"line":221},"start":{"column":6,"line":221}},{"end":{"column":14,"line":336},"start":{"column":6,"line":222}},{"end":{"column":43,"line":337},"start":{"column":6,"line":337}},{"end":{"column":14,"line":434},"start":{"column":6,"line":338}},{"end":{"column":41,"line":435},"start":{"column":6,"line":435}},{"end":{"column":14,"line":507},"start":{"column":6,"line":436}},{"end":{"column":14,"line":528},"start":{"column":6,"line":508}},{"end":{"column":14,"line":552},"start":{"column":6,"line":529}},{"end":{"column":14,"line":598},"start":{"column":6,"line":553}},{"end":{"column":14,"line":624},"start":{"column":6,"line":599}},{"end":{"column":14,"line":669},"start":{"column":6,"line":625}}],"type":"switch"},"16":{"line":167,"loc":{"end":{"column":100,"line":167},"start":{"column":18,"line":167}},"locations":[{"end":{"column":57,"line":167},"start":{"column":18,"line":167}},{"end":{"column":100,"line":167},"start":{"column":61,"line":167}}],"type":"binary-expr"},"17":{"line":176,"loc":{"end":{"column":9,"line":186},"start":{"column":8,"line":176}},"locations":[{"end":{"column":9,"line":186},"start":{"column":8,"line":176}},{"end":{"column":9,"line":186},"start":{"column":8,"line":176}}],"type":"if"},"18":{"line":200,"loc":{"end":{"column":100,"line":200},"start":{"column":18,"line":200}},"locations":[{"end":{"column":57,"line":200},"start":{"column":18,"line":200}},{"end":{"column":100,"line":200},"start":{"column":61,"line":200}}],"type":"binary-expr"},"19":{"line":209,"loc":{"end":{"column":9,"line":219},"start":{"column":8,"line":209}},"locations":[{"end":{"column":9,"line":219},"start":{"column":8,"line":209}},{"end":{"column":9,"line":219},"start":{"column":8,"line":209}}],"type":"if"},"20":{"line":224,"loc":{"end":{"column":9,"line":226},"start":{"column":8,"line":224}},"locations":[{"end":{"column":9,"line":226},"start":{"column":8,"line":224}},{"end":{"column":9,"line":226},"start":{"column":8,"line":224}}],"type":"if"},"21":{"line":224,"loc":{"end":{"column":43,"line":224},"start":{"column":12,"line":224}},"locations":[{"end":{"column":25,"line":224},"start":{"column":12,"line":224}},{"end":{"column":43,"line":224},"start":{"column":29,"line":224}}],"type":"binary-expr"},"22":{"line":239,"loc":{"end":{"column":9,"line":273},"start":{"column":8,"line":239}},"locations":[{"end":{"column":9,"line":273},"start":{"column":8,"line":239}},{"end":{"column":9,"line":273},"start":{"column":8,"line":239}}],"type":"if"},"23":{"line":244,"loc":{"end":{"column":11,"line":252},"start":{"column":10,"line":244}},"locations":[{"end":{"column":11,"line":252},"start":{"column":10,"line":244}},{"end":{"column":11,"line":252},"start":{"column":10,"line":244}}],"type":"if"},"24":{"line":256,"loc":{"end":{"column":11,"line":264},"start":{"column":10,"line":256}},"locations":[{"end":{"column":11,"line":264},"start":{"column":10,"line":256}},{"end":{"column":11,"line":264},"start":{"column":10,"line":256}}],"type":"if"},"25":{"line":299,"loc":{"end":{"column":9,"line":303},"start":{"column":8,"line":299}},"locations":[{"end":{"column":9,"line":303},"start":{"column":8,"line":299}},{"end":{"column":9,"line":303},"start":{"column":8,"line":299}}],"type":"if"},"26":{"line":340,"loc":{"end":{"column":9,"line":342},"start":{"column":8,"line":340}},"locations":[{"end":{"column":9,"line":342},"start":{"column":8,"line":340}},{"end":{"column":9,"line":342},"start":{"column":8,"line":340}}],"type":"if"},"27":{"line":340,"loc":{"end":{"column":43,"line":340},"start":{"column":12,"line":340}},"locations":[{"end":{"column":25,"line":340},"start":{"column":12,"line":340}},{"end":{"column":43,"line":340},"start":{"column":29,"line":340}}],"type":"binary-expr"},"28":{"line":354,"loc":{"end":{"column":9,"line":393},"start":{"column":8,"line":354}},"locations":[{"end":{"column":9,"line":393},"start":{"column":8,"line":354}},{"end":{"column":9,"line":393},"start":{"column":8,"line":354}}],"type":"if"},"29":{"line":359,"loc":{"end":{"column":11,"line":367},"start":{"column":10,"line":359}},"locations":[{"end":{"column":11,"line":367},"start":{"column":10,"line":359}},{"end":{"column":11,"line":367},"start":{"column":10,"line":359}}],"type":"if"},"30":{"line":372,"loc":{"end":{"column":11,"line":380},"start":{"column":10,"line":372}},"locations":[{"end":{"column":11,"line":380},"start":{"column":10,"line":372}},{"end":{"column":11,"line":380},"start":{"column":10,"line":372}}],"type":"if"},"31":{"line":401,"loc":{"end":{"column":9,"line":405},"start":{"column":8,"line":401}},"locations":[{"end":{"column":9,"line":405},"start":{"column":8,"line":401}},{"end":{"column":9,"line":405},"start":{"column":8,"line":401}}],"type":"if"},"32":{"line":438,"loc":{"end":{"column":9,"line":440},"start":{"column":8,"line":438}},"locations":[{"end":{"column":9,"line":440},"start":{"column":8,"line":438}},{"end":{"column":9,"line":440},"start":{"column":8,"line":438}}],"type":"if"},"33":{"line":438,"loc":{"end":{"column":43,"line":438},"start":{"column":12,"line":438}},"locations":[{"end":{"column":25,"line":438},"start":{"column":12,"line":438}},{"end":{"column":43,"line":438},"start":{"column":29,"line":438}}],"type":"binary-expr"},"34":{"line":449,"loc":{"end":{"column":9,"line":473},"start":{"column":8,"line":449}},"locations":[{"end":{"column":9,"line":473},"start":{"column":8,"line":449}},{"end":{"column":9,"line":473},"start":{"column":8,"line":449}}],"type":"if"},"35":{"line":498,"loc":{"end":{"column":9,"line":506},"start":{"column":8,"line":498}},"locations":[{"end":{"column":9,"line":506},"start":{"column":8,"line":498}},{"end":{"column":9,"line":506},"start":{"column":8,"line":498}}],"type":"if"},"36":{"line":502,"loc":{"end":{"column":9,"line":506},"start":{"column":15,"line":502}},"locations":[{"end":{"column":9,"line":506},"start":{"column":15,"line":502}},{"end":{"column":9,"line":506},"start":{"column":15,"line":502}}],"type":"if"},"37":{"line":512,"loc":{"end":{"column":9,"line":514},"start":{"column":8,"line":512}},"locations":[{"end":{"column":9,"line":514},"start":{"column":8,"line":512}},{"end":{"column":9,"line":514},"start":{"column":8,"line":512}}],"type":"if"},"38":{"line":554,"loc":{"end":{"column":9,"line":556},"start":{"column":8,"line":554}},"locations":[{"end":{"column":9,"line":556},"start":{"column":8,"line":554}},{"end":{"column":9,"line":556},"start":{"column":8,"line":554}}],"type":"if"},"39":{"line":554,"loc":{"end":{"column":51,"line":554},"start":{"column":12,"line":554}},"locations":[{"end":{"column":30,"line":554},"start":{"column":12,"line":554}},{"end":{"column":51,"line":554},"start":{"column":34,"line":554}}],"type":"binary-expr"},"40":{"line":562,"loc":{"end":{"column":9,"line":564},"start":{"column":8,"line":562}},"locations":[{"end":{"column":9,"line":564},"start":{"column":8,"line":562}},{"end":{"column":9,"line":564},"start":{"column":8,"line":562}}],"type":"if"},"41":{"line":575,"loc":{"end":{"column":52,"line":575},"start":{"column":18,"line":575}},"locations":[{"end":{"column":27,"line":575},"start":{"column":18,"line":575}},{"end":{"column":52,"line":575},"start":{"column":31,"line":575}}],"type":"binary-expr"},"42":{"line":581,"loc":{"end":{"column":13,"line":584},"start":{"column":12,"line":581}},"locations":[{"end":{"column":13,"line":584},"start":{"column":12,"line":581}},{"end":{"column":13,"line":584},"start":{"column":12,"line":581}}],"type":"if"},"43":{"line":627,"loc":{"end":{"column":9,"line":629},"start":{"column":8,"line":627}},"locations":[{"end":{"column":9,"line":629},"start":{"column":8,"line":627}},{"end":{"column":9,"line":629},"start":{"column":8,"line":627}}],"type":"if"},"44":{"line":627,"loc":{"end":{"column":42,"line":627},"start":{"column":12,"line":627}},"locations":[{"end":{"column":25,"line":627},"start":{"column":12,"line":627}},{"end":{"column":42,"line":627},"start":{"column":29,"line":627}}],"type":"binary-expr"},"45":{"line":639,"loc":{"end":{"column":9,"line":642},"start":{"column":8,"line":639}},"locations":[{"end":{"column":9,"line":642},"start":{"column":8,"line":639}},{"end":{"column":9,"line":642},"start":{"column":8,"line":639}}],"type":"if"},"46":{"line":675,"loc":{"end":{"column":5,"line":683},"start":{"column":4,"line":675}},"locations":[{"end":{"column":5,"line":683},"start":{"column":4,"line":675}},{"end":{"column":5,"line":683},"start":{"column":4,"line":675}}],"type":"if"},"47":{"line":677,"loc":{"end":{"column":5,"line":683},"start":{"column":11,"line":677}},"locations":[{"end":{"column":5,"line":683},"start":{"column":11,"line":677}},{"end":{"column":5,"line":683},"start":{"column":11,"line":677}}],"type":"if"},"48":{"line":679,"loc":{"end":{"column":5,"line":683},"start":{"column":11,"line":679}},"locations":[{"end":{"column":5,"line":683},"start":{"column":11,"line":679}},{"end":{"column":5,"line":683},"start":{"column":11,"line":679}}],"type":"if"},"49":{"line":689,"loc":{"end":{"column":5,"line":697},"start":{"column":4,"line":689}},"locations":[{"end":{"column":5,"line":697},"start":{"column":4,"line":689}},{"end":{"column":5,"line":697},"start":{"column":4,"line":689}}],"type":"if"},"50":{"line":691,"loc":{"end":{"column":5,"line":697},"start":{"column":11,"line":691}},"locations":[{"end":{"column":5,"line":697},"start":{"column":11,"line":691}},{"end":{"column":5,"line":697},"start":{"column":11,"line":691}}],"type":"if"},"51":{"line":693,"loc":{"end":{"column":5,"line":697},"start":{"column":11,"line":693}},"locations":[{"end":{"column":5,"line":697},"start":{"column":11,"line":693}},{"end":{"column":5,"line":697},"start":{"column":11,"line":693}}],"type":"if"},"52":{"line":705,"loc":{"end":{"column":5,"line":707},"start":{"column":4,"line":705}},"locations":[{"end":{"column":5,"line":707},"start":{"column":4,"line":705}},{"end":{"column":5,"line":707},"start":{"column":4,"line":705}}],"type":"if"}},"f":{"0":334,"1":334,"2":306,"3":283,"4":306,"5":283,"6":306,"7":289,"8":578,"9":1979,"10":138,"11":495,"12":94,"13":1255,"14":807,"15":283,"16":1195,"17":1195,"18":0,"19":0,"20":0},"fnMap":{"0":{"decl":{"end":{"column":3,"line":7},"start":{"column":2,"line":7}},"line":7,"loc":{"end":{"column":3,"line":17},"start":{"column":16,"line":7}},"name":"(anonymous_0)"},"1":{"decl":{"end":{"column":3,"line":24},"start":{"column":2,"line":24}},"line":24,"loc":{"end":{"column":3,"line":43},"start":{"column":23,"line":24}},"name":"(anonymous_1)"},"2":{"decl":{"end":{"column":3,"line":51},"start":{"column":2,"line":51}},"line":51,"loc":{"end":{"column":3,"line":71},"start":{"column":33,"line":51}},"name":"(anonymous_2)"},"3":{"decl":{"end":{"column":20,"line":56},"start":{"column":19,"line":56}},"line":56,"loc":{"end":{"column":5,"line":60},"start":{"column":28,"line":56}},"name":"(anonymous_3)"},"4":{"decl":{"end":{"column":30,"line":62},"start":{"column":29,"line":62}},"line":62,"loc":{"end":{"column":5,"line":64},"start":{"column":42,"line":62}},"name":"(anonymous_4)"},"5":{"decl":{"end":{"column":21,"line":66},"start":{"column":20,"line":66}},"line":66,"loc":{"end":{"column":5,"line":70},"start":{"column":30,"line":66}},"name":"(anonymous_5)"},"6":{"decl":{"end":{"column":3,"line":73},"start":{"column":2,"line":73}},"line":73,"loc":{"end":{"column":3,"line":671},"start":{"column":31,"line":73}},"name":"(anonymous_6)"},"7":{"decl":{"end":{"column":33,"line":80},"start":{"column":13,"line":80}},"line":80,"loc":{"end":{"column":5,"line":94},"start":{"column":61,"line":80}},"name":"allParametersPresent"},"8":{"decl":{"end":{"column":21,"line":81},"start":{"column":15,"line":81}},"line":81,"loc":{"end":{"column":7,"line":91},"start":{"column":52,"line":81}},"name":"verify"},"9":{"decl":{"end":{"column":25,"line":86},"start":{"column":24,"line":86}},"line":86,"loc":{"end":{"column":9,"line":90},"start":{"column":33,"line":86}},"name":"(anonymous_9)"},"10":{"decl":{"end":{"column":37,"line":96},"start":{"column":13,"line":96}},"line":96,"loc":{"end":{"column":5,"line":112},"start":{"column":95,"line":96}},"name":"calculateExplicitPadding"},"11":{"decl":{"end":{"column":42,"line":114},"start":{"column":13,"line":114}},"line":114,"loc":{"end":{"column":5,"line":132},"start":{"column":55,"line":114}},"name":"calculateActivationRangeFloat"},"12":{"decl":{"end":{"column":22,"line":134},"start":{"column":13,"line":134}},"line":134,"loc":{"end":{"column":5,"line":145},"start":{"column":39,"line":134}},"name":"sameShape"},"13":{"decl":{"end":{"column":22,"line":147},"start":{"column":13,"line":147}},"line":147,"loc":{"end":{"column":5,"line":152},"start":{"column":31,"line":147}},"name":"OPS_CHECK"},"14":{"decl":{"end":{"column":3,"line":673},"start":{"column":2,"line":673}},"line":673,"loc":{"end":{"column":3,"line":684},"start":{"column":34,"line":673}},"name":"(anonymous_14)"},"15":{"decl":{"end":{"column":3,"line":686},"start":{"column":2,"line":686}},"line":686,"loc":{"end":{"column":3,"line":699},"start":{"column":36,"line":686}},"name":"(anonymous_15)"},"16":{"decl":{"end":{"column":3,"line":701},"start":{"column":2,"line":701}},"line":701,"loc":{"end":{"column":3,"line":709},"start":{"column":27,"line":701}},"name":"(anonymous_16)"},"17":{"decl":{"end":{"column":3,"line":711},"start":{"column":2,"line":711}},"line":711,"loc":{"end":{"column":3,"line":718},"start":{"column":33,"line":711}},"name":"(anonymous_17)"},"18":{"decl":{"end":{"column":3,"line":720},"start":{"column":2,"line":720}},"line":720,"loc":{"end":{"column":3,"line":728},"start":{"column":15,"line":720}},"name":"(anonymous_18)"},"19":{"decl":{"end":{"column":40,"line":721},"start":{"column":39,"line":721}},"line":721,"loc":{"end":{"column":5,"line":723},"start":{"column":54,"line":721}},"name":"(anonymous_19)"},"20":{"decl":{"end":{"column":40,"line":724},"start":{"column":39,"line":724}},"line":724,"loc":{"end":{"column":5,"line":726},"start":{"column":54,"line":724}},"name":"(anonymous_20)"}},"hash":"b2645cd122c9ae5c25af34d29c783f5585cfb276","path":"/home/paor/work/polyfill-webml/src/nn/wasm/PreparedModel.js","s":{"0":334,"1":334,"2":334,"3":334,"4":334,"5":334,"6":334,"7":334,"8":334,"9":334,"10":334,"11":1899,"12":1899,"13":1899,"14":1899,"15":1083,"16":1083,"17":1083,"18":1083,"19":816,"20":1899,"21":334,"22":306,"23":0,"24":306,"25":283,"26":283,"27":283,"28":306,"29":306,"30":292,"31":283,"32":283,"33":283,"34":306,"35":306,"36":306,"37":306,"38":306,"39":578,"40":578,"41":0,"42":578,"43":1979,"44":0,"45":289,"46":289,"47":138,"48":138,"49":138,"50":138,"51":76,"52":76,"53":76,"54":54,"55":54,"56":138,"57":495,"58":62,"59":62,"60":433,"61":58,"62":58,"63":375,"64":54,"65":54,"66":321,"67":320,"68":320,"69":1,"70":494,"71":94,"72":44,"73":50,"74":50,"75":104,"76":36,"77":14,"78":1255,"79":2,"80":1253,"81":306,"82":50,"83":50,"84":50,"85":50,"86":50,"87":50,"88":49,"89":49,"90":49,"91":49,"92":49,"93":49,"94":40,"95":9,"96":49,"97":45,"98":45,"99":45,"100":45,"101":45,"102":45,"103":45,"104":45,"105":45,"106":45,"107":45,"108":45,"109":40,"110":5,"111":45,"112":79,"113":79,"114":3,"115":76,"116":76,"117":76,"118":76,"119":76,"120":76,"121":76,"122":76,"123":27,"124":27,"125":27,"126":27,"127":27,"128":25,"129":25,"130":25,"131":2,"132":2,"133":2,"134":27,"135":49,"136":49,"137":33,"138":33,"139":33,"140":16,"141":16,"142":16,"143":49,"144":49,"145":49,"146":49,"147":49,"148":76,"149":76,"150":76,"151":76,"152":76,"153":76,"154":76,"155":76,"156":76,"157":76,"158":76,"159":76,"160":76,"161":76,"162":76,"163":1,"164":75,"165":75,"166":75,"167":75,"168":75,"169":75,"170":75,"171":75,"172":75,"173":75,"174":75,"175":75,"176":75,"177":46,"178":46,"179":2,"180":44,"181":44,"182":44,"183":44,"184":44,"185":44,"186":26,"187":26,"188":26,"189":26,"190":26,"191":25,"192":25,"193":25,"194":1,"195":1,"196":1,"197":26,"198":26,"199":18,"200":18,"201":10,"202":10,"203":10,"204":8,"205":8,"206":8,"207":18,"208":18,"209":18,"210":18,"211":18,"212":18,"213":18,"214":18,"215":44,"216":44,"217":44,"218":44,"219":44,"220":1,"221":43,"222":43,"223":43,"224":43,"225":43,"226":43,"227":43,"228":43,"229":43,"230":43,"231":18,"232":18,"233":1,"234":17,"235":17,"236":17,"237":17,"238":15,"239":15,"240":15,"241":15,"242":15,"243":15,"244":15,"245":15,"246":15,"247":2,"248":2,"249":2,"250":2,"251":2,"252":2,"253":2,"254":2,"255":2,"256":2,"257":17,"258":17,"259":17,"260":17,"261":17,"262":17,"263":17,"264":17,"265":9,"266":8,"267":8,"268":17,"269":4,"270":4,"271":4,"272":4,"273":1,"274":3,"275":3,"276":3,"277":3,"278":3,"279":1,"280":1,"281":1,"282":1,"283":1,"284":1,"285":1,"286":1,"287":2,"288":1,"289":1,"290":2,"291":1,"292":1,"293":1,"294":1,"295":1,"296":9,"297":2,"298":7,"299":7,"300":7,"301":7,"302":7,"303":7,"304":0,"305":7,"306":7,"307":7,"308":7,"309":7,"310":14,"311":14,"312":14,"313":7,"314":7,"315":7,"316":7,"317":7,"318":7,"319":7,"320":7,"321":22,"322":15,"323":7,"324":7,"325":7,"326":7,"327":7,"328":16,"329":16,"330":16,"331":16,"332":16,"333":16,"334":16,"335":16,"336":16,"337":16,"338":16,"339":16,"340":38,"341":38,"342":2,"343":36,"344":36,"345":36,"346":36,"347":36,"348":36,"349":16,"350":36,"351":36,"352":36,"353":36,"354":36,"355":36,"356":36,"357":36,"358":36,"359":36,"360":36,"361":36,"362":36,"363":36,"364":807,"365":807,"366":768,"367":39,"368":37,"369":2,"370":2,"371":0,"372":283,"373":283,"374":283,"375":0,"376":0,"377":0,"378":0,"379":0,"380":283,"381":1195,"382":1195,"383":1195,"384":1195,"385":524,"386":1195,"387":1195,"388":1195,"389":1195,"390":1195,"391":3845,"392":1195,"393":0,"394":0,"395":0,"396":0,"397":0},"statementMap":{"0":{"end":{"column":26,"line":8},"start":{"column":4,"line":8}},"1":{"end":{"column":24,"line":9},"start":{"column":4,"line":9}},"2":{"end":{"column":27,"line":10},"start":{"column":4,"line":10}},"3":{"end":{"column":24,"line":11},"start":{"column":4,"line":11}},"4":{"end":{"column":16,"line":12},"start":{"column":4,"line":12}},"5":{"end":{"column":6,"line":16},"start":{"column":4,"line":13}},"6":{"end":{"column":24,"line":25},"start":{"column":4,"line":25}},"7":{"end":{"column":44,"line":26},"start":{"column":4,"line":26}},"8":{"end":{"column":41,"line":27},"start":{"column":4,"line":27}},"9":{"end":{"column":5,"line":41},"start":{"column":4,"line":28}},"10":{"end":{"column":18,"line":28},"start":{"column":17,"line":28}},"11":{"end":{"column":38,"line":29},"start":{"column":20,"line":29}},"12":{"end":{"column":29,"line":30},"start":{"column":27,"line":30}},"13":{"end":{"column":41,"line":31},"start":{"column":6,"line":31}},"14":{"end":{"column":7,"line":39},"start":{"column":6,"line":32}},"15":{"end":{"column":61,"line":33},"start":{"column":8,"line":33}},"16":{"end":{"column":74,"line":34},"start":{"column":8,"line":34}},"17":{"end":{"column":62,"line":35},"start":{"column":8,"line":35}},"18":{"end":{"column":69,"line":36},"start":{"column":8,"line":36}},"19":{"end":{"column":45,"line":38},"start":{"column":8,"line":38}},"20":{"end":{"column":42,"line":40},"start":{"column":6,"line":40}},"21":{"end":{"column":26,"line":42},"start":{"column":4,"line":42}},"22":{"end":{"column":5,"line":54},"start":{"column":4,"line":52}},"23":{"end":{"column":47,"line":53},"start":{"column":6,"line":53}},"24":{"end":{"column":7,"line":60},"start":{"column":4,"line":56}},"25":{"end":{"column":47,"line":57},"start":{"column":20,"line":57}},"26":{"end":{"column":31,"line":58},"start":{"column":19,"line":58}},"27":{"end":{"column":63,"line":59},"start":{"column":6,"line":59}},"28":{"end":{"column":7,"line":64},"start":{"column":4,"line":62}},"29":{"end":{"column":40,"line":63},"start":{"column":6,"line":63}},"30":{"end":{"column":7,"line":70},"start":{"column":4,"line":66}},"31":{"end":{"column":48,"line":67},"start":{"column":20,"line":67}},"32":{"end":{"column":32,"line":68},"start":{"column":19,"line":68}},"33":{"end":{"column":63,"line":69},"start":{"column":6,"line":69}},"34":{"end":{"column":31,"line":74},"start":{"column":19,"line":74}},"35":{"end":{"column":27,"line":75},"start":{"column":13,"line":75}},"36":{"end":{"column":33,"line":76},"start":{"column":17,"line":76}},"37":{"end":{"column":35,"line":77},"start":{"column":18,"line":77}},"38":{"end":{"column":33,"line":78},"start":{"column":19,"line":78}},"39":{"end":{"column":40,"line":82},"start":{"column":26,"line":82}},"40":{"end":{"column":9,"line":85},"start":{"column":8,"line":83}},"41":{"end":{"column":113,"line":84},"start":{"column":10,"line":84}},"42":{"end":{"column":10,"line":90},"start":{"column":8,"line":86}},"43":{"end":{"column":11,"line":89},"start":{"column":10,"line":87}},"44":{"end":{"column":97,"line":88},"start":{"column":12,"line":88}},"45":{"end":{"column":40,"line":92},"start":{"column":6,"line":92}},"46":{"end":{"column":43,"line":93},"start":{"column":6,"line":93}},"47":{"end":{"column":25,"line":97},"start":{"column":24,"line":97}},"48":{"end":{"column":25,"line":98},"start":{"column":24,"line":98}},"49":{"end":{"column":67,"line":100},"start":{"column":30,"line":100}},"50":{"end":{"column":7,"line":109},"start":{"column":6,"line":102}},"51":{"end":{"column":64,"line":103},"start":{"column":22,"line":103}},"52":{"end":{"column":72,"line":104},"start":{"column":18,"line":104}},"53":{"end":{"column":9,"line":108},"start":{"column":8,"line":105}},"54":{"end":{"column":55,"line":106},"start":{"column":10,"line":106}},"55":{"end":{"column":65,"line":107},"start":{"column":10,"line":107}},"56":{"end":{"column":40,"line":111},"start":{"column":6,"line":111}},"57":{"end":{"column":7,"line":130},"start":{"column":6,"line":116}},"58":{"end":{"column":29,"line":117},"start":{"column":8,"line":117}},"59":{"end":{"column":36,"line":118},"start":{"column":8,"line":118}},"60":{"end":{"column":7,"line":130},"start":{"column":13,"line":119}},"61":{"end":{"column":29,"line":120},"start":{"column":8,"line":120}},"62":{"end":{"column":29,"line":121},"start":{"column":8,"line":121}},"63":{"end":{"column":7,"line":130},"start":{"column":13,"line":122}},"64":{"end":{"column":30,"line":123},"start":{"column":8,"line":123}},"65":{"end":{"column":29,"line":124},"start":{"column":8,"line":124}},"66":{"end":{"column":7,"line":130},"start":{"column":13,"line":125}},"67":{"end":{"column":39,"line":126},"start":{"column":8,"line":126}},"68":{"end":{"column":36,"line":127},"start":{"column":8,"line":127}},"69":{"end":{"column":66,"line":129},"start":{"column":8,"line":129}},"70":{"end":{"column":48,"line":131},"start":{"column":6,"line":131}},"71":{"end":{"column":7,"line":138},"start":{"column":6,"line":135}},"72":{"end":{"column":21,"line":137},"start":{"column":8,"line":137}},"73":{"end":{"column":7,"line":143},"start":{"column":6,"line":139}},"74":{"end":{"column":20,"line":139},"start":{"column":19,"line":139}},"75":{"end":{"column":9,"line":142},"start":{"column":8,"line":140}},"76":{"end":{"column":23,"line":141},"start":{"column":10,"line":141}},"77":{"end":{"column":18,"line":144},"start":{"column":6,"line":144}},"78":{"end":{"column":7,"line":150},"start":{"column":6,"line":148}},"79":{"end":{"column":44,"line":149},"start":{"column":8,"line":149}},"80":{"end":{"column":18,"line":151},"start":{"column":6,"line":151}},"81":{"end":{"column":5,"line":670},"start":{"column":4,"line":154}},"82":{"end":{"column":35,"line":156},"start":{"column":8,"line":156}},"83":{"end":{"column":37,"line":157},"start":{"column":18,"line":157}},"84":{"end":{"column":37,"line":158},"start":{"column":18,"line":158}},"85":{"end":{"column":53,"line":159},"start":{"column":25,"line":159}},"86":{"end":{"column":38,"line":160},"start":{"column":18,"line":160}},"87":{"end":{"column":91,"line":162},"start":{"column":35,"line":162}},"88":{"end":{"column":91,"line":163},"start":{"column":35,"line":163}},"89":{"end":{"column":41,"line":166},"start":{"column":8,"line":166}},"90":{"end":{"column":102,"line":167},"start":{"column":8,"line":167}},"91":{"end":{"column":9,"line":173},"start":{"column":31,"line":170}},"92":{"end":{"column":48,"line":175},"start":{"column":28,"line":175}},"93":{"end":{"column":9,"line":186},"start":{"column":8,"line":176}},"94":{"end":{"column":66,"line":180},"start":{"column":10,"line":177}},"95":{"end":{"column":57,"line":185},"start":{"column":10,"line":182}},"96":{"end":{"column":14,"line":187},"start":{"column":8,"line":187}},"97":{"end":{"column":35,"line":189},"start":{"column":8,"line":189}},"98":{"end":{"column":37,"line":190},"start":{"column":18,"line":190}},"99":{"end":{"column":37,"line":191},"start":{"column":18,"line":191}},"100":{"end":{"column":53,"line":192},"start":{"column":25,"line":192}},"101":{"end":{"column":38,"line":193},"start":{"column":18,"line":193}},"102":{"end":{"column":91,"line":195},"start":{"column":35,"line":195}},"103":{"end":{"column":91,"line":196},"start":{"column":35,"line":196}},"104":{"end":{"column":41,"line":199},"start":{"column":8,"line":199}},"105"
[...]
8":1077,"9":1075,"10":409,"11":666,"12":666,"13":666,"14":813,"15":332,"16":330,"17":302,"18":0,"19":302,"20":283,"21":283,"22":283,"23":283,"24":302,"25":302,"26":302,"27":291,"28":283,"29":283,"30":302,"31":302,"32":302,"33":302,"34":302,"35":159,"36":27,"37":29,"38":302,"39":302,"40":95,"41":95,"42":95,"43":95,"44":95,"45":50,"46":45,"47":94,"48":76,"49":76,"50":1,"51":75,"52":75,"53":75,"54":75,"55":75,"56":75,"57":49,"58":49,"59":49,"60":33,"61":33,"62":33,"63":16,"64":16,"65":16,"66":49,"67":49,"68":26,"69":26,"70":26,"71":26,"72":26,"73":24,"74":24,"75":24,"76":2,"77":2,"78":2,"79":26,"80":26,"81":25,"82":1,"83":74,"84":45,"85":45,"86":2,"87":43,"88":43,"89":43,"90":43,"91":43,"92":43,"93":43,"94":43,"95":4,"96":43,"97":17,"98":17,"99":17,"100":9,"101":9,"102":9,"103":8,"104":8,"105":8,"106":17,"107":17,"108":17,"109":26,"110":26,"111":26,"112":26,"113":26,"114":25,"115":25,"116":25,"117":1,"118":1,"119":1,"120":26,"121":26,"122":26,"123":25,"124":1,"125":42,"126":18,"127":18,"128":1,"129":17,"130":17,"131":17,"132":17,"133":2,"134":2,"135":2,"136":2,"137":2,"138":2,"139":2,"140":2,"141":1,"142":1,"143":15,"144":15,"145":15,"146":15,"147":15,"148":15,"149":15,"150":15,"151":15,"152":15,"153":13,"154":7,"155":6,"156":2,"157":1,"158":1,"159":16,"160":4,"161":4,"162":4,"163":4,"164":2,"165":2,"166":4,"167":1,"168":1,"169":1,"170":1,"171":1,"172":1,"173":1,"174":9,"175":9,"176":7,"177":7,"178":7,"179":7,"180":14,"181":7,"182":7,"183":16,"184":16,"185":16,"186":16,"187":16,"188":16,"189":16,"190":16,"191":38,"192":1,"193":37,"194":37,"195":37,"196":37,"197":37,"198":37,"199":16,"200":37,"201":37,"202":1077,"203":1074,"204":3,"205":1,"206":2,"207":332,"208":332,"209":332,"210":78,"211":78,"212":78,"213":76,"214":76,"215":45,"216":45,"217":45,"218":45,"219":45,"220":45,"221":45,"222":45,"223":67,"224":0,"225":0,"226":0,"227":3},"statementMap":{"0":{"end":{"column":24,"line":12},"start":{"column":4,"line":12}},"1":{"end":{"column":41,"line":13},"start":{"column":4,"line":13}},"2":{"end":{"column":24,"line":14},"start":{"column":4,"line":14}},"3":{"end":{"column":27,"line":15},"start":{"column":4,"line":15}},"4":{"end":{"column":5,"line":20},"start":{"column":4,"line":17}},"5":{"end":{"column":75,"line":19},"start":{"column":6,"line":18}},"6":{"end":{"column":7,"line":41},"start":{"column":4,"line":25}},"7":{"end":{"column":7,"line":40},"start":{"column":6,"line":26}},"8":{"end":{"column":55,"line":27},"start":{"column":21,"line":27}},"9":{"end":{"column":9,"line":37},"start":{"column":8,"line":28}},"10":{"end":{"column":66,"line":31},"start":{"column":10,"line":30}},"11":{"end":{"column":63,"line":34},"start":{"column":29,"line":34}},"12":{"end":{"column":55,"line":35},"start":{"column":10,"line":35}},"13":{"end":{"column":31,"line":36},"start":{"column":10,"line":36}},"14":{"end":{"column":37,"line":39},"start":{"column":8,"line":39}},"15":{"end":{"column":32,"line":42},"start":{"column":4,"line":42}},"16":{"end":{"column":26,"line":43},"start":{"column":4,"line":43}},"17":{"end":{"column":5,"line":55},"start":{"column":4,"line":53}},"18":{"end":{"column":47,"line":54},"start":{"column":6,"line":54}},"19":{"end":{"column":7,"line":63},"start":{"column":4,"line":57}},"20":{"end":{"column":49,"line":58},"start":{"column":22,"line":58}},"21":{"end":{"column":63,"line":60},"start":{"column":10,"line":60}},"22":{"end":{"column":34,"line":61},"start":{"column":6,"line":61}},"23":{"end":{"column":28,"line":62},"start":{"column":6,"line":62}},"24":{"end":{"column":7,"line":69},"start":{"column":4,"line":65}},"25":{"end":{"column":9,"line":68},"start":{"column":6,"line":66}},"26":{"end":{"column":42,"line":67},"start":{"column":8,"line":67}},"27":{"end":{"column":7,"line":74},"start":{"column":4,"line":71}},"28":{"end":{"column":50,"line":72},"start":{"column":22,"line":72}},"29":{"end":{"column":44,"line":73},"start":{"column":6,"line":73}},"30":{"end":{"column":29,"line":78},"start":{"column":15,"line":78}},"31":{"end":{"column":35,"line":79},"start":{"column":19,"line":79}},"32":{"end":{"column":37,"line":80},"start":{"column":20,"line":80}},"33":{"end":{"column":35,"line":81},"start":{"column":21,"line":81}},"34":{"end":{"column":6,"line":88},"start":{"column":28,"line":83}},"35":{"end":{"column":28,"line":84},"start":{"column":27,"line":84}},"36":{"end":{"column":52,"line":86},"start":{"column":28,"line":86}},"37":{"end":{"column":51,"line":87},"start":{"column":28,"line":87}},"38":{"end":{"column":6,"line":93},"start":{"column":27,"line":90}},"39":{"end":{"column":5,"line":375},"start":{"column":4,"line":95}},"40":{"end":{"column":42,"line":98},"start":{"column":23,"line":98}},"41":{"end":{"column":42,"line":99},"start":{"column":23,"line":99}},"42":{"end":{"column":76,"line":100},"start":{"column":27,"line":100}},"43":{"end":{"column":43,"line":101},"start":{"column":23,"line":101}},"44":{"end":{"column":9,"line":106},"start":{"column":8,"line":102}},"45":{"end":{"column":60,"line":103},"start":{"column":10,"line":103}},"46":{"end":{"column":60,"line":105},"start":{"column":10,"line":105}},"47":{"end":{"column":14,"line":107},"start":{"column":8,"line":107}},"48":{"end":{"column":37,"line":110},"start":{"column":24,"line":110}},"49":{"end":{"column":9,"line":113},"start":{"column":8,"line":111}},"50":{"end":{"column":71,"line":112},"start":{"column":10,"line":112}},"51":{"end":{"column":17,"line":114},"start":{"column":16,"line":114}},"52":{"end":{"column":43,"line":115},"start":{"column":22,"line":115}},"53":{"end":{"column":44,"line":116},"start":{"column":23,"line":116}},"54":{"end":{"column":42,"line":117},"start":{"column":21,"line":117}},"55":{"end":{"column":43,"line":118},"start":{"column":23,"line":118}},"56":{"end":{"column":9,"line":171},"start":{"column":8,"line":122}},"57":{"end":{"column":60,"line":123},"start":{"column":30,"line":123}},"58":{"end":{"column":57,"line":124},"start":{"column":26,"line":124}},"59":{"end":{"column":11,"line":133},"start":{"column":10,"line":125}},"60":{"end":{"column":53,"line":126},"start":{"column":12,"line":126}},"61":{"end":{"column":53,"line":127},"start":{"column":12,"line":127}},"62":{"end":{"column":44,"line":128},"start":{"column":12,"line":128}},"63":{"end":{"column":55,"line":130},"start":{"column":12,"line":130}},"64":{"end":{"column":55,"line":131},"start":{"column":12,"line":131}},"65":{"end":{"column":40,"line":132},"start":{"column":12,"line":132}},"66":{"end":{"column":75,"line":134},"start":{"column":10,"line":134}},"67":{"end":{"column":32,"line":139},"start":{"column":10,"line":135}},"68":{"end":{"column":60,"line":141},"start":{"column":30,"line":141}},"69":{"end":{"column":61,"line":142},"start":{"column":31,"line":142}},"70":{"end":{"column":59,"line":143},"start":{"column":29,"line":143}},"71":{"end":{"column":62,"line":144},"start":{"column":32,"line":144}},"72":{"end":{"column":11,"line":153},"start":{"column":10,"line":145}},"73":{"end":{"column":53,"line":146},"start":{"column":12,"line":146}},"74":{"end":{"column":53,"line":147},"start":{"column":12,"line":147}},"75":{"end":{"column":44,"line":148},"start":{"column":12,"line":148}},"76":{"end":{"column":55,"line":150},"start":{"column":12,"line":150}},"77":{"end":{"column":55,"line":151},"start":{"column":12,"line":151}},"78":{"end":{"column":40,"line":152},"start":{"column":12,"line":152}},"79":{"end":{"column":75,"line":154},"start":{"column":10,"line":154}},"80":{"end":{"column":11,"line":170},"start":{"column":10,"line":155}},"81":{"end":{"column":34,"line":161},"start":{"column":12,"line":157}},"82":{"end":{"column":34,"line":169},"start":{"column":12,"line":163}},"83":{"end":{"column":14,"line":172},"start":{"column":8,"line":172}},"84":{"end":{"column":37,"line":175},"start":{"column":24,"line":175}},"85":{"end":{"column":9,"line":179},"start":{"column":8,"line":176}},"86":{"end":{"column":68,"line":178},"start":{"column":10,"line":177}},"87":{"end":{"column":17,"line":180},"start":{"column":16,"line":180}},"88":{"end":{"column":41,"line":181},"start":{"column":20,"line":181}},"89":{"end":{"column":44,"line":182},"start":{"column":23,"line":182}},"90":{"end":{"column":42,"line":183},"start":{"column":21,"line":183}},"91":{"end":{"column":43,"line":184},"start":{"column":23,"line":184}},"92":{"end":{"column":44,"line":190},"start":{"column":30,"line":190}},"93":{"end":{"column":46,"line":191},"start":{"column":31,"line":191}},"94":{"end":{"column":9,"line":195},"start":{"column":8,"line":192}},"95":{"end":{"column":75,"line":194},"start":{"column":10,"line":193}},"96":{"end":{"column":9,"line":247},"start":{"column":8,"line":196}},"97":{"end":{"column":60,"line":197},"start":{"column":30,"line":197}},"98":{"end":{"column":57,"line":198},"start":{"column":26,"line":198}},"99":{"end":{"column":11,"line":207},"start":{"column":10,"line":199}},"100":{"end":{"column":53,"line":200},"start":{"column":12,"line":200}},"101":{"end":{"column":53,"line":201},"start":{"column":12,"line":201}},"102":{"end":{"column":44,"line":202},"start":{"column":12,"line":202}},"103":{"end":{"column":55,"line":204},"start":{"column":12,"line":204}},"104":{"end":{"column":55,"line":205},"start":{"column":12,"line":205}},"105":{"end":{"column":40,"line":206},"start":{"column":12,"line":206}},"106":{"end":{"column":58,"line":208},"start":{"column":10,"line":208}},"107":{"end":{"column":75,"line":209},"start":{"column":10,"line":209}},"108":{"end":{"column":32,"line":214},"start":{"column":10,"line":210}},"109":{"end":{"column":60,"line":216},"start":{"column":30,"line":216}},"110":{"end":{"column":61,"line":217},"start":{"column":31,"line":217}},"111":{"end":{"column":59,"line":218},"start":{"column":29,"line":218}},"112":{"end":{"column":62,"line":219},"start":{"column":32,"line":219}},"113":{"end":{"column":11,"line":228},"start":{"column":10,"line":220}},"114":{"end":{"column":53,"line":221},"start":{"column":12,"line":221}},"115":{"end":{"column":53,"line":222},"start":{"column":12,"line":222}},"116":{"end":{"column":44,"line":223},"start":{"column":12,"line":223}},"117":{"end":{"column":55,"line":225},"start":{"column":12,"line":225}},"118":{"end":{"column":55,"line":226},"start":{"column":12,"line":226}},"119":{"end":{"column":40,"line":227},"start":{"column":12,"line":227}},"120":{"end":{"column":58,"line":229},"start":{"column":10,"line":229}},"121":{"end":{"column":75,"line":230},"start":{"column":10,"line":230}},"122":{"end":{"column":11,"line":246},"start":{"column":10,"line":231}},"123":{"end":{"column":34,"line":237},"start":{"column":12,"line":233}},"124":{"end":{"column":34,"line":245},"start":{"column":12,"line":239}},"125":{"end":{"column":14,"line":248},"start":{"column":8,"line":248}},"126":{"end":{"column":37,"line":251},"start":{"column":24,"line":251}},"127":{"end":{"column":9,"line":254},"start":{"column":8,"line":252}},"128":{"end":{"column":72,"line":253},"start":{"column":10,"line":253}},"129":{"end":{"column":17,"line":255},"start":{"column":16,"line":255}},"130":{"end":{"column":43,"line":256},"start":{"column":22,"line":256}},"131":{"end":{"column":43,"line":257},"start":{"column":23,"line":257}},"132":{"end":{"column":9,"line":317},"start":{"column":8,"line":261}},"133":{"end":{"column":60,"line":262},"start":{"column":30,"line":262}},"134":{"end":{"column":57,"line":263},"start":{"column":26,"line":263}},"135":{"end":{"column":51,"line":264},"start":{"column":10,"line":264}},"136":{"end":{"column":51,"line":265},"start":{"column":10,"line":265}},"137":{"end":{"column":51,"line":266},"start":{"column":10,"line":266}},"138":{"end":{"column":51,"line":267},"start":{"column":10,"line":267}},"139":{"end":{"column":75,"line":268},"start":{"column":10,"line":268}},"140":{"end":{"column":11,"line":279},"start":{"column":10,"line":269}},"141":{"end":{"column":41,"line":273},"start":{"column":12,"line":270}},"142":{"end":{"column":41,"line":278},"start":{"column":12,"line":275}},"143":{"end":{"column":60,"line":281},"start":{"column":30,"line":281}},"144":{"end":{"column":61,"line":282},"start":{"column":31,"line":282}},"145":{"end":{"column":59,"line":283},"start":{"column":29,"line":283}},"146":{"end":{"column":62,"line":284},"start":{"column":32,"line":284}},"147":{"end":{"column":51,"line":285},"start":{"column":10,"line":285}},"148":{"end":{"column":51,"line":286},"start":{"column":10,"line":286}},"149":{"end":{"column":51,"line":287},"start":{"column":10,"line":287}},"150":{"end":{"column":51,"line":288},"start":{"column":10,"line":288}},"151":{"end":{"column":75,"line":289},"start":{"column":10,"line":289}},"152":{"end":{"column":11,"line":316},"start":{"column":10,"line":290}},"153":{"end":{"column":13,"line":302},"start":{"column":12,"line":292}},"154":{"end":{"column":56,"line":296},"start":{"column":14,"line":293}},"155":{"end":{"column":56,"line":301},"start":{"column":14,"line":298}},"156":{"end":{"column":13,"line":315},"start":{"column":12,"line":304}},"157":{"end":{"column":75,"line":306},"start":{"column":14,"line":305}},"158":{"end":{"column":43,"line":314},"start":{"column":14,"line":308}},"159":{"end":{"column":14,"line":318},"start":{"column":8,"line":318}},"160":{"end":{"column":41,"line":320},"start":{"column":22,"line":320}},"161":{"end":{"column":49,"line":321},"start":{"column":21,"line":321}},"162":{"end":{"column":43,"line":322},"start":{"column":23,"line":322}},"163":{"end":{"column":9,"line":327},"start":{"column":8,"line":323}},"164":{"end":{"column":41,"line":324},"start":{"column":10,"line":324}},"165":{"end":{"column":62,"line":326},"start":{"column":10,"line":326}},"166":{"end":{"column":14,"line":328},"start":{"column":8,"line":328}},"167":{"end":{"column":41,"line":330},"start":{"column":22,"line":330}},"168":{"end":{"column":47,"line":331},"start":{"column":28,"line":331}},"169":{"end":{"column":43,"line":332},"start":{"column":23,"line":332}},"170":{"end":{"column":9,"line":335},"start":{"column":8,"line":333}},"171":{"end":{"column":53,"line":334},"start":{"column":10,"line":334}},"172":{"end":{"column":56,"line":336},"start":{"column":8,"line":336}},"173":{"end":{"column":14,"line":337},"start":{"column":8,"line":337}},"174":{"end":{"column":49,"line":339},"start":{"column":32,"line":339}},"175":{"end":{"column":63,"line":340},"start":{"column":21,"line":340}},"176":{"end":{"column":43,"line":341},"start":{"column":23,"line":341}},"177":{"end":{"column":29,"line":342},"start":{"column":27,"line":342}},"178":{"end":{"column":9,"line":345},"start":{"column":8,"line":343}},"179":{"end":{"column":22,"line":343},"start":{"column":21,"line":343}},"180":{"end":{"column":49,"line":344},"start":{"column":10,"line":344}},"181":{"end":{"column":53,"line":346},"start":{"column":8,"line":346}},"182":{"end":{"column":14,"line":347},"start":{"column":8,"line":347}},"183":{"end":{"column":41,"line":349},"start":{"column":22,"line":349}},"184":{"end":{"column":43,"line":350},"start":{"column":24,"line":350}},"185":{"end":{"column":40,"line":351},"start":{"column":21,"line":351}},"186":{"end":{"column":76,"line":352},"start":{"column":27,"line":352}},"187":{"end":{"column":43,"line":353},"start":{"column":23,"line":353}},"188":{"end":{"column":71,"line":354},"start":{"column":26,"line":354}},"189":{"end":{"column":30,"line":358},"start":{"column":8,"line":355}},"190":{"end":{"column":14,"line":359},"start":{"column":8,"line":359}},"191":{"end":{"column":9,"line":363},"start":{"column":8,"line":361}},"192":{"end":{"column":55,"line":362},"start":{"column":10,"line":362}},"193":{"end":{"column":41,"line":364},"start":{"column":22,"line":364}},"194":{"end":{"column":54,"line":365},"start":{"column":26,"line":365}},"195":{"end":{"column":53,"line":366},"start":{"column":25,"line":366}},"196":{"end":{"column":43,"line":367},"start":{"column":23,"line":367}},"197":{"end":{"column":31,"line":368},"start":{"column":26,"line":368}},"198":{"end":{"column":9,"line":371},"start":{"column":8,"line":369}},"199":{"end":{"column":59,"line":370},"start":{"column":10,"line":370}},"200":{"end":{"column":70,"line":373},"start":{"column":8,"line":372}},"201":{"end":{"column":14,"line":374},"start":{"column":8,"line":374}},"202":{"end":{"column":5,"line":386},"start":{"column":4,"line":380}},"203":{"end":{"column":23,"line":381},"start":{"column":6,"line":381}},"204":{"end":{"column":5,"line":386},"start":{"column":11,"line":382}},"205":{"end":{"column":21,"line":383},"start":{"column":6,"line":383}},"206":{"end":{"column":63,"line":385},"start":{"column":6,"line":385}},"207":{"end":{"column":7,"line":420},"start":{"column":4,"line":391}},"208":{"end":{"column":31,"line":392},"start":{"column":17,"line":392}},"209":{"end":{"column":7,"line":419},"start":{"column":6,"line":393}},"210":{"end":{"column":41,"line":399},"start":{"column":25,"line":399}},"211":{"end":{"column":50,"line":400},"start":{"column":25,"line":400}},"212":{"end":{"column":69,"line":401},"start":{"column":10,"line":401}},"213":{"end":{"column":27,"line":402},"start":{"column":10,"line":402}},"214":{"end":{"column":16,"line":403},"start":{"column":10,"line":403}},"215":{"end":{"column":41,"line":409},"start":{"column":25,"line":409}},"216":{"end":{"column":50,"line":410},"start":{"column":25,"line":410}},"217":{"end":{"column":41,"line":411},"start":{"column":26,"line":411}},"218":{"end":{"column":41,"line":412},"start":{"column":26,"line":412}},"219":{"end":{"column":64,"line":414},"start":{"column":14,"line":414}},"220":{"end":{"column":69,"line":416},"start":{"column":10,"line":415}},"221":{"end":{"column":27,"line":417},"start":{"column":10,"line":417}},"222":{"end":{"column":16,"line":418},"start":{"column":10,"line":418}},"223":{"end":{"column":67,"line":424},"start":{"column":4,"line":424}},"224":{"end":{"column":6,"line":432},"start":{"column":4,"line":428}},"225":{"end":{"column":7,"line":431},"start":{"column":6,"line":429}},"226":{"end":{"column":26,"line":430},"start":{"column":8,"line":430}},"227":{"end":{"column":39,"line":436},"start":{"column":4,"line":436}}},"l":{"12":334,"13":334,"14":334,"15":334,"17":334,"18":0,"25":334,"26":1890,"27":1077,"28":1075,"30":409,"34":666,"35":666,"36":666,"39":813,"42":332,"43":330,"53":302,"54":0,"57":302,"58":283,"60":283,"61":283,"62":283,"65":302,"66":302,"67":302,"71":291,"72":283,"73":283,"78":302,"79":302,"80":302,"81":302,"83":302,"84":159,"86":27,"87":29,"90":302,"95":302,"98":95,"99":95,"100":95,"101":95,"102":95,"103":50,"105":45,"107":94,"110":76,"111":76,"112":1,"114":75,"115":75,"116":75,"117":75,"118":75,"122":75,"123":49,"124":49,"125":49,"126":33,"127":33,"128":33,"130":16,"131":16,"132":16,"134":49,"135":49,"141":26,"142":26,"143":26,"144":26,"145":26,"146":24,"147":24,"148":24,"150":2,"151":2,"152":2,"154":26,"155":26,"157":25,"163":1,"172":74,"175":45,"176":45,"177":2,"180":43,"181":43,"182":43,"183":43,"184":43,"190":43,"191":43,"192":43,"193":4,"196":43,"197":17,"198":17,"199":17,"200":9,"201":9,"202":9,"204":8,"205":8,"206":8,"208":17,"209":17,"210":17,"216":26,"217":26,"218":26,"219":26,"220":26,"221":25,"222":25,"223":25,"225":1,"226":1,"227":1,"229":26,"230":26,"231":26,"233":25,"239":1,"248":42,"251":18,"252":18,"253":1,"255":17,"256":17,"257":17,"261":17,"262":2,"263":2,"264":2,"265":2,"266":2,"267":2,"268":2,"269":2,"270":1,"275":1,"281":15,"282":15,"283":15,"284":15,"285":15,"286":15,"287":15,"288":15,"289":15,"290":15,"292":13,"293":7,"298":6,"304":2,"305":1,"308":1,"318":16,"320":4,"321":4,"322":4,"323":4,"324":2,"326":2,"328":4,"330":1,"331":1,"332":1,"333":1,"334":1,"336":1,"337":1,"339":9,"340":9,"341":7,"342":7,"343":7,"344":14,"346":7,"347":7,"349":16,"350":16,"351":16,"352":16,"353":16,"354":16,"355":16,"359":16,"361":38,"362":1,"364":37,"365":37,"366":37,"367":37,"368":37,"369":37,"370":16,"372":37,"374":37,"380":1077,"381":1074,"382":3,"383":1,"385":2,"391":332,"392":332,"393":332,"399":78,"400":78,"401":78,"402":76,"403":76,"409":45,"410":45,"411":45,"412":45,"414":45,"415":45,"417":45,"418":45,"424":67,"428":0,"429":0,"430":0,"436":3}}}
