TN:
SF:/home/paor/work/polyfill-webml/src/WebMLPolyfill.js
FN:4,(anonymous_0)
FN:9,(anonymous_1)
FNF:2
FNH:2
FNDA:3,(anonymous_0)
FNDA:1383,(anonymous_1)
DA:5,3
DA:6,3
DA:10,1383
DA:11,3
DA:13,1383
DA:17,3
DA:18,3
DA:20,0
LF:8
LH:7
BRDA:10,0,0,3
BRDA:10,0,1,1380
BRDA:17,1,0,3
BRDA:17,1,1,0
BRF:4
BRH:3
end_of_record
TN:
SF:/home/paor/work/polyfill-webml/src/nn/Compilation.js
FN:13,(anonymous_0)
FN:28,(anonymous_1)
FN:40,(anonymous_2)
FN:54,(anonymous_3)
FNF:4
FNH:4
FNDA:1026,(anonymous_0)
FNDA:655,(anonymous_1)
FNDA:1016,(anonymous_2)
FNDA:699,(anonymous_3)
DA:14,1026
DA:15,1026
DA:16,1026
DA:17,1026
DA:18,1026
DA:19,1026
DA:29,655
DA:30,3
DA:32,652
DA:41,1016
DA:42,2
DA:44,1014
DA:45,308
DA:47,706
DA:48,706
DA:55,699
DA:57,334
DA:58,334
DA:60,334
DA:61,334
DA:62,330
DA:64,31
DA:67,664
DA:68,664
LF:24
LH:24
BRDA:29,0,0,3
BRDA:29,0,1,652
BRDA:41,1,0,2
BRDA:41,1,1,1014
BRDA:44,2,0,308
BRDA:44,2,1,706
BRDA:55,3,0,334
BRDA:55,3,1,334
BRDA:55,3,2,31
BRF:9
BRH:9
end_of_record
TN:
SF:/home/paor/work/polyfill-webml/src/nn/Enums.js
FNF:0
FNH:0
DA:19,3
DA:30,3
DA:59,3
DA:87,3
DA:105,3
DA:1324,3
DA:1335,3
LF:7
LH:7
BRF:0
BRH:0
end_of_record
TN:
SF:/home/paor/work/polyfill-webml/src/nn/Execution.js
FN:11,(anonymous_0)
FN:27,(anonymous_1)
FN:57,(anonymous_2)
FN:84,(anonymous_3)
FNF:4
FNH:4
FNDA:652,(anonymous_0)
FNDA:584,(anonymous_1)
FNDA:584,(anonymous_2)
FNDA:608,(anonymous_3)
DA:12,652
DA:13,0
DA:15,652
DA:16,652
DA:17,652
DA:18,652
DA:28,584
DA:29,584
DA:30,2
DA:32,582
DA:33,582
DA:34,0
DA:36,582
DA:37,582
DA:38,12
DA:40,568
DA:41,0
DA:43,568
DA:47,568
DA:48,568
DA:58,584
DA:59,584
DA:60,2
DA:62,582
DA:63,582
DA:64,0
DA:66,582
DA:67,582
DA:68,12
DA:70,568
DA:71,0
DA:73,568
DA:77,568
DA:78,568
DA:85,608
DA:86,583
LF:36
LH:31
BRDA:12,0,0,0
BRDA:12,0,1,652
BRDA:29,1,0,2
BRDA:29,1,1,582
BRDA:33,2,0,0
BRDA:33,2,1,582
BRDA:37,3,0,12
BRDA:37,3,1,568
BRDA:40,4,0,0
BRDA:40,4,1,568
BRDA:59,5,0,2
BRDA:59,5,1,582
BRDA:63,6,0,0
BRDA:63,6,1,582
BRDA:67,7,0,12
BRDA:67,7,1,568
BRDA:70,8,0,0
BRDA:70,8,1,568
BRF:18
BRH:13
end_of_record
TN:
SF:/home/paor/work/polyfill-webml/src/nn/Model.js
FN:9,(anonymous_0)
FN:23,(anonymous_1)
FN:33,(anonymous_2)
FN:55,(anonymous_3)
FN:83,(anonymous_4)
FN:107,(anonymous_5)
FN:126,(anonymous_6)
FN:139,(anonymous_7)
FN:147,(anonymous_8)
FN:151,(anonymous_9)
FN:158,(anonymous_10)
FN:180,(anonymous_11)
FN:203,(anonymous_12)
FN:207,(anonymous_13)
FN:209,(anonymous_14)
FN:213,(anonymous_15)
FN:219,(anonymous_16)
FN:221,(anonymous_17)
FN:244,(anonymous_18)
FN:246,(anonymous_19)
FNF:20
FNH:19
FNDA:2208,(anonymous_0)
FNDA:1029,(anonymous_1)
FNDA:1050,(anonymous_2)
FNDA:11655,(anonymous_3)
FNDA:5256,(anonymous_4)
FNDA:1908,(anonymous_5)
FNDA:10434,(anonymous_6)
FNDA:1077,(anonymous_7)
FNDA:1068,(anonymous_8)
FNDA:1059,(anonymous_9)
FNDA:11652,(anonymous_10)
FNDA:6417,(anonymous_11)
FNDA:1905,(anonymous_12)
FNDA:5928,(anonymous_13)
FNDA:14526,(anonymous_14)
FNDA:1047,(anonymous_15)
FNDA:1047,(anonymous_16)
FNDA:5670,(anonymous_17)
FNDA:1047,(anonymous_18)
FNDA:0,(anonymous_19)
DA:10,2208
DA:11,2208
DA:12,2208
DA:13,2208
DA:14,2208
DA:15,2208
DA:24,1029
DA:25,3
DA:27,1026
DA:34,1050
DA:35,3
DA:38,1047
DA:39,0
DA:42,1047
DA:43,1047
DA:44,1047
DA:56,11655
DA:57,3
DA:60,11652
DA:61,21
DA:64,11631
DA:73,11631
DA:84,5256
DA:85,3
DA:87,5253
DA:88,5253
DA:89,171
DA:91,5082
DA:92,1455
DA:94,3627
DA:96,5082
DA:108,1908
DA:109,3
DA:112,1905
DA:113,9
DA:115,1896
DA:116,6
DA:118,1887
DA:119,0
DA:121,1884
DA:126,1884
DA:127,10434
DA:129,1884
DA:140,1077
DA:141,3
DA:143,1068
DA:144,3
DA:146,1062
DA:147,1062
DA:148,1068
DA:150,1062
DA:151,1062
DA:152,1059
DA:159,11652
DA:160,11652
DA:161,6
DA:162,6
DA:164,11646
DA:165,447
DA:166,6
DA:167,6
DA:168,441
DA:169,6
DA:170,6
DA:172,435
DA:173,3
DA:174,3
DA:177,11631
DA:181,6417
DA:182,6413
DA:183,6413
DA:184,6227
DA:186,6227
DA:187,2591
DA:189,3636
DA:191,6227
DA:192,9
DA:193,9
DA:195,6218
DA:198,186
DA:199,186
DA:204,1905
DA:208,5928
DA:209,14526
DA:210,5913
DA:214,1047
DA:215,1047
DA:216,1047
DA:217,1047
DA:218,1047
DA:219,1047
DA:220,1047
DA:221,1047
DA:222,5670
DA:223,5670
DA:224,0
DA:225,0
DA:226,0
DA:228,0
DA:229,0
DA:230,0
DA:234,1047
DA:235,1047
DA:239,1047
DA:240,1047
DA:241,1047
DA:242,1047
DA:244,1047
DA:245,1047
DA:246,0
DA:247,0
DA:248,0
DA:249,0
DA:256,1047
LF:114
LH:102
BRDA:9,0,0,0
BRDA:24,1,0,3
BRDA:24,1,1,1026
BRDA:34,2,0,3
BRDA:34,2,1,1047
BRDA:38,3,0,0
BRDA:38,3,1,1047
BRDA:38,4,0,1047
BRDA:38,4,1,1047
BRDA:55,5,0,3
BRDA:56,6,0,3
BRDA:56,6,1,11652
BRDA:60,7,0,21
BRDA:60,7,1,11631
BRDA:84,8,0,3
BRDA:84,8,1,5253
BRDA:88,9,0,171
BRDA:88,9,1,5082
BRDA:91,10,0,1455
BRDA:91,10,1,3627
BRDA:108,11,0,3
BRDA:108,11,1,1905
BRDA:112,12,0,9
BRDA:112,12,1,1896
BRDA:115,13,0,6
BRDA:115,13,1,1887
BRDA:118,14,0,0
BRDA:118,14,1,1884
BRDA:140,15,0,3
BRDA:140,15,1,1068
BRDA:143,16,0,3
BRDA:143,16,1,1062
BRDA:160,17,0,6
BRDA:160,17,1,11646
BRDA:164,18,0,447
BRDA:164,18,1,11199
BRDA:165,19,0,6
BRDA:165,19,1,441
BRDA:168,20,0,6
BRDA:168,20,1,435
BRDA:168,21,0,441
BRDA:168,21,1,438
BRDA:172,22,0,3
BRDA:172,22,1,432
BRDA:183,23,0,6227
BRDA:183,23,1,186
BRDA:186,24,0,2591
BRDA:186,24,1,3636
BRDA:191,25,0,9
BRDA:191,25,1,6218
BRDA:209,26,0,18
BRDA:209,26,1,14508
BRDA:223,27,0,0
BRDA:223,27,1,5670
BRDA:223,28,0,5670
BRDA:223,28,1,5670
BRDA:225,29,0,0
BRDA:225,29,1,0
BRDA:234,30,0,1047
BRDA:234,30,1,0
BRDA:245,31,0,0
BRDA:245,31,1,1047
BRDA:248,32,0,0
BRDA:248,32,1,0
BRF:64
BRH:54
end_of_record
TN:
SF:/home/paor/work/polyfill-webml/src/nn/NeuralNetworkContext.js
FN:8,(anonymous_0)
FN:23,(anonymous_1)
FN:32,(anonymous_2)
FN:41,(anonymous_3)
FN:75,(anonymous_4)
FN:82,(anonymous_5)
FN:87,(anonymous_6)
FN:93,(anonymous_7)
FNF:8
FNH:7
FNDA:3,(anonymous_0)
FNDA:2208,(anonymous_1)
FNDA:3,(anonymous_2)
FNDA:3,(anonymous_3)
FNDA:3,(anonymous_4)
FNDA:3,(anonymous_5)
FNDA:3,(anonymous_6)
FNDA:0,(anonymous_7)
DA:9,3
DA:10,3
DA:11,3
DA:12,3
DA:13,3
DA:14,3
DA:15,3
DA:24,2208
DA:25,0
DA:26,2208
DA:27,0
DA:29,2208
DA:33,3
DA:34,3
DA:35,3
DA:36,3
DA:37,3
DA:38,3
DA:42,3
DA:43,3
DA:44,3
DA:45,3
DA:46,3
DA:47,3
DA:48,3
DA:49,3
DA:50,3
DA:51,3
DA:52,3
DA:53,3
DA:54,3
DA:55,3
DA:56,3
DA:57,3
DA:58,3
DA:59,3
DA:60,3
DA:61,3
DA:62,3
DA:63,3
DA:64,3
DA:65,3
DA:66,3
DA:67,3
DA:68,3
DA:69,3
DA:70,3
DA:71,3
DA:72,3
DA:76,3
DA:77,3
DA:78,3
DA:79,3
DA:83,3
DA:84,3
DA:88,3
DA:89,3
DA:90,3
DA:94,0
DA:95,0
DA:96,0
DA:97,0
DA:98,0
DA:99,0
DA:100,0
DA:101,0
LF:66
LH:56
BRDA:23,0,0,0
BRDA:24,1,0,0
BRDA:24,1,1,2208
BRDA:24,2,0,2208
BRDA:24,2,1,736
BRDA:26,3,0,0
BRDA:26,3,1,2208
BRF:7
BRH:4
end_of_record
TN:
SF:/home/paor/work/polyfill-webml/src/nn/index.js
FNF:0
FNH:0
LF:0
LH:0
BRF:0
BRH:0
end_of_record
TN:
SF:/home/paor/work/polyfill-webml/src/nn/utils.js
FN:12,isTensor
FN:20,sizeOfTensorData
FN:24,sizeOfScalarData
FN:28,product
FN:29,(anonymous_4)
FN:32,validateEnum
FNF:6
FNH:6
FNDA:15098,isTensor
FNDA:3786,sizeOfTensorData
FNDA:3636,sizeOfScalarData
FNDA:3880,product
FNDA:8293,(anonymous_4)
FNDA:14571,validateEnum
DA:3,3
DA:13,15098
DA:14,6206
DA:16,8892
DA:21,3786
DA:25,3636
DA:29,8293
DA:33,14571
DA:34,63184
DA:35,14248
DA:38,323
LF:11
LH:11
BRDA:13,0,0,6206
BRDA:13,0,1,8892
BRDA:13,1,0,15098
BRDA:13,1,1,8998
BRDA:13,1,2,8942
BRDA:34,2,0,14248
BRDA:34,2,1,48936
BRF:7
BRH:7
end_of_record
TN:
SF:/home/paor/work/polyfill-webml/src/nn/wasm/Device.js
FN:7,(anonymous_0)
FN:15,(anonymous_1)
FNF:2
FNH:2
FNDA:1026,(anonymous_0)
FNDA:334,(anonymous_1)
DA:16,334
DA:17,334
DA:18,334
LF:3
LH:3
BRF:0
BRH:0
end_of_record
TN:
SF:/home/paor/work/polyfill-webml/src/nn/wasm/NNOps.js
FN:8,getNNOpsInstance
FN:9,(anonymous_1)
FN:11,(anonymous_2)
FNF:3
FNH:3
FNDA:334,getNNOpsInstance
FNDA:334,(anonymous_1)
FNDA:1,(anonymous_2)
DA:1,3
DA:2,3
DA:7,3
DA:9,334
DA:10,334
DA:11,1
DA:13,1
DA:14,1
DA:15,1
DA:18,333
LF:10
LH:10
BRDA:1,0,0,3
BRDA:1,0,1,0
BRDA:10,1,0,1
BRDA:10,1,1,333
BRF:4
BRH:3
end_of_record
TN:
SF:/home/paor/work/polyfill-webml/src/nn/wasm/PreparedModel.js
FN:7,(anonymous_0)
FN:24,(anonymous_1)
FN:51,(anonymous_2)
FN:56,(anonymous_3)
FN:62,(anonymous_4)
FN:66,(anonymous_5)
FN:73,(anonymous_6)
FN:80,allParametersPresent
FN:81,verify
FN:86,(anonymous_9)
FN:96,calculateExplicitPadding
FN:114,calculateActivationRangeFloat
FN:134,sameShape
FN:147,OPS_CHECK
FN:673,(anonymous_14)
FN:686,(anonymous_15)
FN:701,(anonymous_16)
FN:711,(anonymous_17)
FN:720,(anonymous_18)
FN:721,(anonymous_19)
FN:724,(anonymous_20)
FNF:21
FNH:18
FNDA:334,(anonymous_0)
FNDA:334,(anonymous_1)
FNDA:306,(anonymous_2)
FNDA:283,(anonymous_3)
FNDA:306,(anonymous_4)
FNDA:283,(anonymous_5)
FNDA:306,(anonymous_6)
FNDA:289,allParametersPresent
FNDA:578,verify
FNDA:1979,(anonymous_9)
FNDA:138,calculateExplicitPadding
FNDA:495,calculateActivationRangeFloat
FNDA:94,sameShape
FNDA:1255,OPS_CHECK
FNDA:807,(anonymous_14)
FNDA:283,(anonymous_15)
FNDA:1195,(anonymous_16)
FNDA:1195,(anonymous_17)
FNDA:0,(anonymous_18)
FNDA:0,(anonymous_19)
FNDA:0,(anonymous_20)
DA:8,334
DA:9,334
DA:10,334
DA:11,334
DA:12,334
DA:13,334
DA:25,334
DA:26,334
DA:27,334
DA:28,334
DA:29,1899
DA:30,1899
DA:31,1899
DA:32,1899
DA:33,1083
DA:34,1083
DA:35,1083
DA:36,1083
DA:38,816
DA:40,1899
DA:42,334
DA:52,306
DA:53,0
DA:56,306
DA:57,283
DA:58,283
DA:59,283
DA:62,306
DA:63,306
DA:66,292
DA:67,283
DA:68,283
DA:69,283
DA:74,306
DA:75,306
DA:76,306
DA:77,306
DA:78,306
DA:82,578
DA:83,578
DA:84,0
DA:86,578
DA:87,1979
DA:88,0
DA:92,289
DA:93,289
DA:97,138
DA:98,138
DA:100,138
DA:102,138
DA:103,76
DA:104,76
DA:105,76
DA:106,54
DA:107,54
DA:111,138
DA:116,495
DA:117,62
DA:118,62
DA:119,433
DA:120,58
DA:121,58
DA:122,375
DA:123,54
DA:124,54
DA:125,321
DA:126,320
DA:127,320
DA:129,1
DA:131,494
DA:135,94
DA:137,44
DA:139,50
DA:140,104
DA:141,36
DA:144,14
DA:148,1255
DA:149,2
DA:151,1253
DA:154,306
DA:156,50
DA:157,50
DA:158,50
DA:159,50
DA:160,50
DA:162,50
DA:163,49
DA:166,49
DA:167,49
DA:170,49
DA:175,49
DA:176,49
DA:177,40
DA:182,9
DA:187,49
DA:189,45
DA:190,45
DA:191,45
DA:192,45
DA:193,45
DA:195,45
DA:196,45
DA:199,45
DA:200,45
DA:203,45
DA:208,45
DA:209,45
DA:210,40
DA:215,5
DA:220,45
DA:223,79
DA:224,79
DA:225,3
DA:227,76
DA:228,76
DA:229,76
DA:230,76
DA:231,76
DA:236,76
DA:237,76
DA:239,76
DA:240,27
DA:241,27
DA:242,27
DA:243,27
DA:244,27
DA:245,25
DA:246,25
DA:247,25
DA:249,2
DA:250,2
DA:251,2
DA:253,27
DA:255,49
DA:256,49
DA:257,33
DA:258,33
DA:259,33
DA:261,16
DA:262,16
DA:263,16
DA:265,49
DA:267,49
DA:268,49
DA:269,49
DA:271,49
DA:274,76
DA:277,76
DA:278,76
DA:279,76
DA:280,76
DA:281,76
DA:282,76
DA:283,76
DA:284,76
DA:291,76
DA:292,76
DA:294,76
DA:295,76
DA:298,76
DA:299,76
DA:300,1
DA:302,75
DA:305,75
DA:306,75
DA:307,75
DA:308,75
DA:310,75
DA:311,75
DA:314,75
DA:318,75
DA:328,75
DA:334,75
DA:335,75
DA:336,75
DA:339,46
DA:340,46
DA:341,2
DA:343,44
DA:344,44
DA:345,44
DA:346,44
DA:347,44
DA:354,44
DA:355,26
DA:356,26
DA:357,26
DA:358,26
DA:359,26
DA:360,25
DA:361,25
DA:362,25
DA:364,1
DA:365,1
DA:366,1
DA:368,26
DA:369,26
DA:371,18
DA:372,18
DA:373,10
DA:374,10
DA:375,10
DA:377,8
DA:378,8
DA:379,8
DA:381,18
DA:382,18
DA:384,18
DA:385,18
DA:386,18
DA:387,18
DA:389,18
DA:391,18
DA:394,44
DA:396,44
DA:397,44
DA:400,44
DA:401,44
DA:402,1
DA:404,43
DA:407,43
DA:408,43
DA:409,43
DA:410,43
DA:412,43
DA:415,43
DA:419,43
DA:429,43
DA:434,43
DA:437,18
DA:438,18
DA:439,1
DA:441,17
DA:442,17
DA:443,17
DA:449,17
DA:450,15
DA:451,15
DA:452,15
DA:453,15
DA:454,15
DA:455,15
DA:456,15
DA:457,15
DA:458,15
DA:460,2
DA:461,2
DA:462,2
DA:463,2
DA:464,2
DA:465,2
DA:467,2
DA:468,2
DA:469,2
DA:471,2
DA:474,17
DA:476,17
DA:477,17
DA:480,17
DA:481,17
DA:484,17
DA:488,17
DA:498,17
DA:499,9
DA:502,8
DA:503,8
DA:507,17
DA:509,4
DA:510,4
DA:511,4
DA:512,4
DA:513,1
DA:515,3
DA:518,3
DA:521,3
DA:525,3
DA:528,3
DA:530,1
DA:531,1
DA:532,1
DA:534,1
DA:536,1
DA:537,1
DA:538,1
DA:539,2
DA:541,1
DA:542,2
DA:546,1
DA:547,1
DA:548,1
DA:550,1
DA:552,1
DA:554,9
DA:555,2
DA:557,7
DA:558,7
DA:559,7
DA:560,7
DA:561,7
DA:562,7
DA:563,0
DA:565,7
DA:566,7
DA:567,7
DA:568,7
DA:569,14
DA:570,14
DA:571,14
DA:575,7
DA:576,7
DA:577,7
DA:578,7
DA:579,7
DA:580,7
DA:581,22
DA:582,15
DA:589,7
DA:594,7
DA:596,7
DA:597,7
DA:598,7
DA:600,16
DA:601,16
DA:602,16
DA:603,16
DA:604,16
DA:605,16
DA:607,16
DA:608,16
DA:611,16
DA:614,16
DA:619,16
DA:624,16
DA:626,38
DA:627,38
DA:628,2
DA:630,36
DA:631,36
DA:632,36
DA:633,36
DA:636,36
DA:639,36
DA:640,16
DA:643,36
DA:644,36
DA:645,36
DA:647,36
DA:648,36
DA:649,36
DA:656,36
DA:657,36
DA:660,36
DA:661,36
DA:663,36
DA:667,36
DA:668,36
DA:669,36
DA:674,807
DA:675,807
DA:676,768
DA:677,39
DA:678,37
DA:679,2
DA:680,2
DA:682,0
DA:687,283
DA:689,283
DA:690,283
DA:691,0
DA:692,0
DA:693,0
DA:694,0
DA:696,0
DA:698,283
DA:702,1195
DA:703,1195
DA:704,1195
DA:705,1195
DA:706,524
DA:708,1195
DA:712,1195
DA:713,1195
DA:714,1195
DA:715,3845
DA:717,1195
DA:721,0
DA:722,0
DA:724,0
DA:725,0
DA:727,0
LF:390
LH:375
BRDA:32,0,0,1083
BRDA:32,0,1,816
BRDA:52,1,0,0
BRDA:52,1,1,306
BRDA:83,2,0,0
BRDA:83,2,1,578
BRDA:87,3,0,0
BRDA:87,3,1,1979
BRDA:87,4,0,1979
BRDA:87,4,1,1979
BRDA:102,5,0,76
BRDA:102,5,1,62
BRDA:105,6,0,54
BRDA:105,6,1,22
BRDA:116,7,0,62
BRDA:116,7,1,433
BRDA:119,8,0,58
BRDA:119,8,1,375
BRDA:122,9,0,54
BRDA:122,9,1,321
BRDA:125,10,0,320
BRDA:125,10,1,1
BRDA:135,11,0,44
BRDA:135,11,1,50
BRDA:135,12,0,94
BRDA:135,12,1,94
BRDA:140,13,0,36
BRDA:140,13,1,68
BRDA:148,14,0,2
BRDA:148,14,1,1253
BRDA:154,15,0,50
BRDA:154,15,1,45
BRDA:154,15,2,59
BRDA:154,15,3,79
BRDA:154,15,4,36
BRDA:154,15,5,46
BRDA:154,15,6,9
BRDA:154,15,7,18
BRDA:154,15,8,4
BRDA:154,15,9,1
BRDA:154,15,10,9
BRDA:154,15,11,16
BRDA:154,15,12,38
BRDA:167,16,0,49
BRDA:167,16,1,49
BRDA:176,17,0,40
BRDA:176,17,1,9
BRDA:200,18,0,45
BRDA:200,18,1,45
BRDA:209,19,0,40
BRDA:209,19,1,5
BRDA:224,20,0,3
BRDA:224,20,1,76
BRDA:224,21,0,79
BRDA:224,21,1,30
BRDA:239,22,0,27
BRDA:239,22,1,49
BRDA:244,23,0,25
BRDA:244,23,1,2
BRDA:256,24,0,33
BRDA:256,24,1,16
BRDA:299,25,0,1
BRDA:299,25,1,75
BRDA:340,26,0,2
BRDA:340,26,1,44
BRDA:340,27,0,46
BRDA:340,27,1,28
BRDA:354,28,0,26
BRDA:354,28,1,18
BRDA:359,29,0,25
BRDA:359,29,1,1
BRDA:372,30,0,10
BRDA:372,30,1,8
BRDA:401,31,0,1
BRDA:401,31,1,43
BRDA:438,32,0,1
BRDA:438,32,1,17
BRDA:438,33,0,18
BRDA:438,33,1,16
BRDA:449,34,0,15
BRDA:449,34,1,2
BRDA:498,35,0,9
BRDA:498,35,1,8
BRDA:502,36,0,8
BRDA:502,36,1,0
BRDA:512,37,0,1
BRDA:512,37,1,3
BRDA:554,38,0,2
BRDA:554,38,1,7
BRDA:554,39,0,9
BRDA:554,39,1,9
BRDA:562,40,0,0
BRDA:562,40,1,7
BRDA:575,41,0,7
BRDA:575,41,1,7
BRDA:581,42,0,15
BRDA:581,42,1,7
BRDA:627,43,0,2
BRDA:627,43,1,36
BRDA:627,44,0,38
BRDA:627,44,1,18
BRDA:639,45,0,16
BRDA:639,45,1,20
BRDA:675,46,0,768
BRDA:675,46,1,39
BRDA:677,47,0,37
BRDA:677,47,1,2
BRDA:679,48,0,2
BRDA:679,48,1,0
BRDA:689,49,0,283
BRDA:689,49,1,0
BRDA:691,50,0,0
BRDA:691,50,1,0
BRDA:693,51,0,0
BRDA:693,51,1,0
BRDA:705,52,0,524
BRDA:705,52,1,671
BRF:117
BRH:106
end_of_record
TN:
SF:/home/paor/work/polyfill-webml/src/nn/webgl/WebGLModel.js
FN:11,(anonymous_0)
FN:24,(anonymous_1)
FN:25,(anonymous_2)
FN:52,(anonymous_3)
FN:57,(anonymous_4)
FN:65,(anonymous_5)
FN:66,(anonymous_6)
FN:71,(anonymous_7)
FN:77,(anonymous_8)
FN:84,(anonymous_9)
FN:86,(anonymous_10)
FN:87,(anonymous_11)
FN:379,(anonymous_12)
FN:390,(anonymous_13)
FN:391,(anonymous_14)
FN:423,(anonymous_15)
FN:427,(anonymous_16)
FN:428,(anonymous_17)
FN:435,(anonymous_18)
FNF:19
FNH:17
FNDA:334,(anonymous_0)
FNDA:334,(anonymous_1)
FNDA:1890,(anonymous_2)
FNDA:302,(anonymous_3)
FNDA:283,(anonymous_4)
FNDA:302,(anonymous_5)
FNDA:302,(anonymous_6)
FNDA:283,(anonymous_7)
FNDA:302,(anonymous_8)
FNDA:159,(anonymous_9)
FNDA:27,(anonymous_10)
FNDA:29,(anonymous_11)
FNDA:1077,(anonymous_12)
FNDA:332,(anonymous_13)
FNDA:332,(anonymous_14)
FNDA:67,(anonymous_15)
FNDA:0,(anonymous_16)
FNDA:0,(anonymous_17)
FNDA:3,(anonymous_18)
DA:12,334
DA:13,334
DA:14,334
DA:15,334
DA:17,334
DA:18,0
DA:25,334
DA:26,1890
DA:27,1077
DA:28,1075
DA:30,409
DA:34,666
DA:35,666
DA:36,666
DA:39,813
DA:42,332
DA:43,330
DA:53,302
DA:54,0
DA:57,302
DA:58,283
DA:60,283
DA:61,283
DA:62,283
DA:65,302
DA:66,302
DA:67,302
DA:71,291
DA:72,283
DA:73,283
DA:78,302
DA:79,302
DA:80,302
DA:81,302
DA:83,302
DA:84,159
DA:86,27
DA:87,29
DA:90,302
DA:95,302
DA:98,95
DA:99,95
DA:100,95
DA:101,95
DA:102,95
DA:103,50
DA:105,45
DA:107,94
DA:110,76
DA:111,76
DA:112,1
DA:114,75
DA:115,75
DA:116,75
DA:117,75
DA:118,75
DA:122,75
DA:123,49
DA:124,49
DA:125,49
DA:126,33
DA:127,33
DA:128,33
DA:130,16
DA:131,16
DA:132,16
DA:134,49
DA:135,49
DA:141,26
DA:142,26
DA:143,26
DA:144,26
DA:145,26
DA:146,24
DA:147,24
DA:148,24
DA:150,2
DA:151,2
DA:152,2
DA:154,26
DA:155,26
DA:157,25
DA:163,1
DA:172,74
DA:175,45
DA:176,45
DA:177,2
DA:180,43
DA:181,43
DA:182,43
DA:183,43
DA:184,43
DA:190,43
DA:191,43
DA:192,43
DA:193,4
DA:196,43
DA:197,17
DA:198,17
DA:199,17
DA:200,9
DA:201,9
DA:202,9
DA:204,8
DA:205,8
DA:206,8
DA:208,17
DA:209,17
DA:210,17
DA:216,26
DA:217,26
DA:218,26
DA:219,26
DA:220,26
DA:221,25
DA:222,25
DA:223,25
DA:225,1
DA:226,1
DA:227,1
DA:229,26
DA:230,26
DA:231,26
DA:233,25
DA:239,1
DA:248,42
DA:251,18
DA:252,18
DA:253,1
DA:255,17
DA:256,17
DA:257,17
DA:261,17
DA:262,2
DA:263,2
DA:264,2
DA:265,2
DA:266,2
DA:267,2
DA:268,2
DA:269,2
DA:270,1
DA:275,1
DA:281,15
DA:282,15
DA:283,15
DA:284,15
DA:285,15
DA:286,15
DA:287,15
DA:288,15
DA:289,15
DA:290,15
DA:292,13
DA:293,7
DA:298,6
DA:304,2
DA:305,1
DA:308,1
DA:318,16
DA:320,4
DA:321,4
DA:322,4
DA:323,4
DA:324,2
DA:326,2
DA:328,4
DA:330,1
DA:331,1
DA:332,1
DA:333,1
DA:334,1
DA:336,1
DA:337,1
DA:339,9
DA:340,9
DA:341,7
DA:342,7
DA:343,7
DA:344,14
DA:346,7
DA:347,7
DA:349,16
DA:350,16
DA:351,16
DA:352,16
DA:353,16
DA:354,16
DA:355,16
DA:359,16
DA:361,38
DA:362,1
DA:364,37
DA:365,37
DA:366,37
DA:367,37
DA:368,37
DA:369,37
DA:370,16
DA:372,37
DA:374,37
DA:380,1077
DA:381,1074
DA:382,3
DA:383,1
DA:385,2
DA:391,332
DA:392,332
DA:393,332
DA:399,78
DA:400,78
DA:401,78
DA:402,76
DA:403,76
DA:409,45
DA:410,45
DA:411,45
DA:412,45
DA:414,45
DA:415,45
DA:417,45
DA:418,45
DA:424,67
DA:428,0
DA:429,0
DA:430,0
DA:436,3
LF:227
LH:222
BRDA:17,0,0,0
BRDA:17,0,1,334
BRDA:26,1,0,1077
BRDA:26,1,1,813
BRDA:28,2,0,409
BRDA:28,2,1,666
BRDA:53,3,0,0
BRDA:53,3,1,302
BRDA:95,4,0,50
BRDA:95,4,1,95
BRDA:95,4,2,57
BRDA:95,4,3,76
BRDA:95,4,4,35
BRDA:95,4,5,45
BRDA:95,4,6,9
BRDA:95,4,7,18
BRDA:95,4,8,4
BRDA:95,4,9,1
BRDA:95,4,10,9
BRDA:95,4,11,16
BRDA:95,4,12,38
BRDA:102,5,0,50
BRDA:102,5,1,45
BRDA:111,6,0,1
BRDA:111,6,1,75
BRDA:111,7,0,76
BRDA:111,7,1,27
BRDA:122,8,0,49
BRDA:122,8,1,26
BRDA:125,9,0,33
BRDA:125,9,1,16
BRDA:145,10,0,24
BRDA:145,10,1,2
BRDA:155,11,0,25
BRDA:155,11,1,1
BRDA:176,12,0,2
BRDA:176,12,1,43
BRDA:176,13,0,45
BRDA:176,13,1,28
BRDA:192,14,0,4
BRDA:192,14,1,39
BRDA:196,15,0,17
BRDA:196,15,1,26
BRDA:199,16,0,9
BRDA:199,16,1,8
BRDA:220,17,0,25
BRDA:220,17,1,1
BRDA:231,18,0,25
BRDA:231,18,1,1
BRDA:252,19,0,1
BRDA:252,19,1,17
BRDA:252,20,0,18
BRDA:252,20,1,16
BRDA:261,21,0,2
BRDA:261,21,1,15
BRDA:269,22,0,1
BRDA:269,22,1,1
BRDA:290,23,0,13
BRDA:290,23,1,2
BRDA:292,24,0,7
BRDA:292,24,1,6
BRDA:304,25,0,1
BRDA:304,25,1,1
BRDA:323,26,0,2
BRDA:323,26,1,2
BRDA:333,27,0,1
BRDA:333,27,1,0
BRDA:361,28,0,1
BRDA:361,28,1,37
BRDA:361,29,0,38
BRDA:361,29,1,38
BRDA:369,30,0,16
BRDA:369,30,1,21
BRDA:380,31,0,1074
BRDA:380,31,1,3
BRDA:382,32,0,1
BRDA:382,32,1,2
BRDA:393,33,0,58
BRDA:393,33,1,78
BRDA:393,33,2,35
BRDA:393,33,3,45
BRDA:424,34,0,67
BRDA:424,34,1,63
BRDA:424,34,2,63
BRDA:429,35,0,0
BRDA:429,35,1,0
BRF:86
BRH:81
end_of_record
